<?xml version="1.0" encoding="UTF-8"?>
<coverage generated="1710268964539" clover="3.2.0">
  <project timestamp="1710268964539" name="All files">
    <metrics statements="75" coveredstatements="61" conditionals="29" coveredconditionals="17" methods="22" coveredmethods="14" elements="126" coveredelements="92" complexity="0" loc="75" ncloc="75" packages="2" files="6" classes="6"/>
    <package name="review">
      <metrics statements="55" coveredstatements="47" conditionals="23" coveredconditionals="16" methods="16" coveredmethods="12"/>
      <file name="HelpfulButton.jsx" path="/Users/malcolmkam/Hack Reactor/FEC_D-ARRAY_QUEENS/src/components/review/HelpfulButton.jsx">
        <metrics statements="17" coveredstatements="11" conditionals="10" coveredconditionals="5" methods="6" coveredmethods="3"/>
        <line num="6" count="1" type="stmt"/>
        <line num="9" count="13" type="cond" truecount="1" falsecount="1"/>
        <line num="10" count="0" type="stmt"/>
        <line num="12" count="13" type="stmt"/>
        <line num="25" count="24" type="stmt"/>
        <line num="26" count="24" type="cond" truecount="1" falsecount="1"/>
        <line num="27" count="24" type="stmt"/>
        <line num="29" count="24" type="stmt"/>
        <line num="30" count="11" type="cond" truecount="1" falsecount="1"/>
        <line num="31" count="11" type="stmt"/>
        <line num="35" count="24" type="stmt"/>
        <line num="36" count="0" type="cond" truecount="0" falsecount="2"/>
        <line num="37" count="0" type="stmt"/>
        <line num="39" count="0" type="stmt"/>
        <line num="40" count="0" type="stmt"/>
        <line num="43" count="0" type="stmt"/>
        <line num="48" count="24" type="stmt"/>
      </file>
      <file name="Modal.jsx" path="/Users/malcolmkam/Hack Reactor/FEC_D-ARRAY_QUEENS/src/components/review/Modal.jsx">
        <metrics statements="4" coveredstatements="4" conditionals="0" coveredconditionals="0" methods="1" coveredmethods="1"/>
        <line num="4" count="1" type="stmt"/>
        <line num="17" count="1" type="stmt"/>
        <line num="27" count="1" type="stmt"/>
        <line num="39" count="1" type="stmt"/>
      </file>
      <file name="Review.jsx" path="/Users/malcolmkam/Hack Reactor/FEC_D-ARRAY_QUEENS/src/components/review/Review.jsx">
        <metrics statements="18" coveredstatements="17" conditionals="9" coveredconditionals="9" methods="6" coveredmethods="5"/>
        <line num="13" count="1" type="stmt"/>
        <line num="16" count="13" type="stmt"/>
        <line num="17" count="13" type="stmt"/>
        <line num="19" count="13" type="stmt"/>
        <line num="20" count="1" type="stmt"/>
        <line num="23" count="13" type="stmt"/>
        <line num="24" count="0" type="stmt"/>
        <line num="27" count="13" type="stmt"/>
        <line num="28" count="1" type="stmt"/>
        <line num="31" count="13" type="stmt"/>
        <line num="57" count="12" type="stmt"/>
        <line num="76" count="1" type="stmt"/>
        <line num="88" count="1" type="stmt"/>
        <line num="93" count="1" type="stmt"/>
        <line num="97" count="1" type="stmt"/>
        <line num="101" count="1" type="stmt"/>
        <line num="105" count="1" type="stmt"/>
        <line num="110" count="1" type="stmt"/>
      </file>
      <file name="Star.jsx" path="/Users/malcolmkam/Hack Reactor/FEC_D-ARRAY_QUEENS/src/components/review/Star.jsx">
        <metrics statements="4" coveredstatements="4" conditionals="0" coveredconditionals="0" methods="2" coveredmethods="2"/>
        <line num="5" count="1" type="stmt"/>
        <line num="12" count="1" type="stmt"/>
        <line num="17" count="65" type="stmt"/>
        <line num="23" count="65" type="stmt"/>
      </file>
      <file name="StarRating.jsx" path="/Users/malcolmkam/Hack Reactor/FEC_D-ARRAY_QUEENS/src/components/review/StarRating.jsx">
        <metrics statements="12" coveredstatements="11" conditionals="4" coveredconditionals="2" methods="1" coveredmethods="1"/>
        <line num="7" count="13" type="stmt"/>
        <line num="8" count="13" type="stmt"/>
        <line num="9" count="13" type="stmt"/>
        <line num="10" count="13" type="stmt"/>
        <line num="11" count="52" type="stmt"/>
        <line num="17" count="13" type="cond" truecount="1" falsecount="1"/>
        <line num="18" count="0" type="stmt"/>
        <line num="24" count="13" type="cond" truecount="1" falsecount="1"/>
        <line num="25" count="13" type="stmt"/>
        <line num="26" count="13" type="stmt"/>
        <line num="33" count="13" type="stmt"/>
        <line num="36" count="1" type="stmt"/>
      </file>
    </package>
    <package name="shared">
      <metrics statements="20" coveredstatements="14" conditionals="6" coveredconditionals="1" methods="6" coveredmethods="2"/>
      <file name="containers.jsx" path="/Users/malcolmkam/Hack Reactor/FEC_D-ARRAY_QUEENS/src/components/shared/containers.jsx">
        <metrics statements="20" coveredstatements="14" conditionals="6" coveredconditionals="1" methods="6" coveredmethods="2"/>
        <line num="4" count="1" type="stmt"/>
        <line num="6" count="0" type="stmt"/>
        <line num="13" count="1" type="stmt"/>
        <line num="17" count="1" type="stmt"/>
        <line num="22" count="1" type="stmt"/>
        <line num="26" count="0" type="cond" truecount="0" falsecount="2"/>
        <line num="27" count="0" type="stmt"/>
        <line num="29" count="0" type="stmt"/>
        <line num="36" count="1" type="stmt"/>
        <line num="37" count="103" type="stmt"/>
        <line num="38" count="103" type="cond" truecount="1" falsecount="1"/>
        <line num="46" count="1" type="stmt"/>
        <line num="47" count="0" type="stmt"/>
        <line num="50" count="0" type="cond" truecount="0" falsecount="2"/>
        <line num="55" count="1" type="stmt"/>
        <line num="60" count="1" type="stmt"/>
        <line num="77" count="1" type="stmt"/>
        <line num="82" count="1" type="stmt"/>
        <line num="94" count="1" type="stmt"/>
        <line num="97" count="1" type="stmt"/>
      </file>
    </package>
  </project>
</coverage>
