{"/home/andrewpark0408/FEC_D-ARRAY_QUEENS/src/components/questionsAndAnswers/AnswerItem.jsx": {"path":"/home/andrewpark0408/FEC_D-ARRAY_QUEENS/src/components/questionsAndAnswers/AnswerItem.jsx","statementMap":{"0":{"start":{"line":8,"column":40},"end":{"line":8,"column":55}},"1":{"start":{"line":9,"column":44},"end":{"line":9,"column":56}},"2":{"start":{"line":11,"column":25},"end":{"line":14,"column":3}},"3":{"start":{"line":12,"column":4},"end":{"line":12,"column":28}},"4":{"start":{"line":13,"column":4},"end":{"line":13,"column":25}},"5":{"start":{"line":16,"column":21},"end":{"line":19,"column":3}},"6":{"start":{"line":17,"column":20},"end":{"line":17,"column":70}},"7":{"start":{"line":18,"column":4},"end":{"line":18,"column":71}},"8":{"start":{"line":20,"column":2},"end":{"line":63,"column":4}},"9":{"start":{"line":31,"column":59},"end":{"line":31,"column":80}},"10":{"start":{"line":36,"column":10},"end":{"line":36,"column":157}},"11":{"start":{"line":36,"column":73},"end":{"line":36,"column":97}},"12":{"start":{"line":47,"column":43},"end":{"line":47,"column":77}},"13":{"start":{"line":56,"column":45},"end":{"line":56,"column":72}},"14":{"start":{"line":60,"column":57},"end":{"line":60,"column":78}}},"fnMap":{"0":{"name":"AnswerItem","decl":{"start":{"line":5,"column":9},"end":{"line":5,"column":19}},"loc":{"start":{"line":7,"column":3},"end":{"line":64,"column":1}},"line":7},"1":{"name":"(anonymous_1)","decl":{"start":{"line":11,"column":25},"end":{"line":11,"column":26}},"loc":{"start":{"line":11,"column":36},"end":{"line":14,"column":3}},"line":11},"2":{"name":"(anonymous_2)","decl":{"start":{"line":16,"column":21},"end":{"line":16,"column":22}},"loc":{"start":{"line":16,"column":37},"end":{"line":19,"column":3}},"line":16},"3":{"name":"(anonymous_3)","decl":{"start":{"line":31,"column":53},"end":{"line":31,"column":54}},"loc":{"start":{"line":31,"column":59},"end":{"line":31,"column":80}},"line":31},"4":{"name":"(anonymous_4)","decl":{"start":{"line":35,"column":52},"end":{"line":35,"column":53}},"loc":{"start":{"line":36,"column":10},"end":{"line":36,"column":157}},"line":36},"5":{"name":"(anonymous_5)","decl":{"start":{"line":36,"column":67},"end":{"line":36,"column":68}},"loc":{"start":{"line":36,"column":73},"end":{"line":36,"column":97}},"line":36},"6":{"name":"(anonymous_6)","decl":{"start":{"line":47,"column":37},"end":{"line":47,"column":38}},"loc":{"start":{"line":47,"column":43},"end":{"line":47,"column":77}},"line":47},"7":{"name":"(anonymous_7)","decl":{"start":{"line":56,"column":39},"end":{"line":56,"column":40}},"loc":{"start":{"line":56,"column":45},"end":{"line":56,"column":72}},"line":56},"8":{"name":"(anonymous_8)","decl":{"start":{"line":60,"column":51},"end":{"line":60,"column":52}},"loc":{"start":{"line":60,"column":57},"end":{"line":60,"column":78}},"line":60}},"branchMap":{"0":{"loc":{"start":{"line":30,"column":9},"end":{"line":32,"column":9}},"type":"binary-expr","locations":[{"start":{"line":30,"column":9},"end":{"line":30,"column":20}},{"start":{"line":31,"column":10},"end":{"line":31,"column":84}}],"line":30},"1":{"loc":{"start":{"line":35,"column":9},"end":{"line":37,"column":10}},"type":"binary-expr","locations":[{"start":{"line":35,"column":9},"end":{"line":35,"column":26}},{"start":{"line":35,"column":30},"end":{"line":37,"column":10}}],"line":35},"2":{"loc":{"start":{"line":42,"column":9},"end":{"line":42,"column":89}},"type":"cond-expr","locations":[{"start":{"line":42,"column":49},"end":{"line":42,"column":62}},{"start":{"line":42,"column":65},"end":{"line":42,"column":89}}],"line":42},"3":{"loc":{"start":{"line":53,"column":9},"end":{"line":57,"column":9}},"type":"cond-expr","locations":[{"start":{"line":54,"column":10},"end":{"line":54,"column":31}},{"start":{"line":56,"column":10},"end":{"line":56,"column":84}}],"line":53},"4":{"loc":{"start":{"line":59,"column":7},"end":{"line":61,"column":7}},"type":"binary-expr","locations":[{"start":{"line":59,"column":7},"end":{"line":59,"column":18}},{"start":{"line":60,"column":8},"end":{"line":60,"column":82}}],"line":59}},"s":{"0":5,"1":5,"2":5,"3":0,"4":0,"5":5,"6":5,"7":5,"8":5,"9":0,"10":2,"11":0,"12":0,"13":0,"14":0},"f":{"0":5,"1":0,"2":5,"3":0,"4":2,"5":0,"6":0,"7":0,"8":0},"b":{"0":[5,0],"1":[5,5],"2":[0,5],"3":[0,5],"4":[5,0]},"_coverageSchema":"1a1c01bbd47fc00a2c39e90264f33305004495a9","hash":"20e65cc79a88718a5644b8493dc35c2775492996"}
,"/home/andrewpark0408/FEC_D-ARRAY_QUEENS/src/components/questionsAndAnswers/AnswerModal.jsx": {"path":"/home/andrewpark0408/FEC_D-ARRAY_QUEENS/src/components/questionsAndAnswers/AnswerModal.jsx","statementMap":{"0":{"start":{"line":9,"column":40},"end":{"line":9,"column":52}},"1":{"start":{"line":10,"column":44},"end":{"line":10,"column":56}},"2":{"start":{"line":11,"column":38},"end":{"line":11,"column":50}},"3":{"start":{"line":12,"column":30},"end":{"line":12,"column":42}},"4":{"start":{"line":14,"column":2},"end":{"line":19,"column":15}},"5":{"start":{"line":15,"column":4},"end":{"line":15,"column":63}},"6":{"start":{"line":16,"column":4},"end":{"line":18,"column":6}},"7":{"start":{"line":17,"column":6},"end":{"line":17,"column":45}},"8":{"start":{"line":21,"column":27},"end":{"line":38,"column":3}},"9":{"start":{"line":23,"column":18},"end":{"line":23,"column":60}},"10":{"start":{"line":24,"column":21},"end":{"line":24,"column":35}},"11":{"start":{"line":25,"column":4},"end":{"line":27,"column":7}},"12":{"start":{"line":26,"column":6},"end":{"line":26,"column":38}},"13":{"start":{"line":29,"column":4},"end":{"line":37,"column":5}},"14":{"start":{"line":30,"column":23},"end":{"line":32,"column":8}},"15":{"start":{"line":33,"column":27},"end":{"line":33,"column":45}},"16":{"start":{"line":34,"column":6},"end":{"line":34,"column":30}},"17":{"start":{"line":36,"column":6},"end":{"line":36,"column":53}},"18":{"start":{"line":40,"column":23},"end":{"line":52,"column":3}},"19":{"start":{"line":41,"column":4},"end":{"line":41,"column":27}},"20":{"start":{"line":42,"column":26},"end":{"line":47,"column":5}},"21":{"start":{"line":49,"column":4},"end":{"line":49,"column":93}},"22":{"start":{"line":50,"column":4},"end":{"line":50,"column":23}},"23":{"start":{"line":51,"column":4},"end":{"line":51,"column":21}},"24":{"start":{"line":54,"column":2},"end":{"line":111,"column":11}},"25":{"start":{"line":56,"column":50},"end":{"line":56,"column":69}},"26":{"start":{"line":69,"column":29},"end":{"line":69,"column":59}},"27":{"start":{"line":79,"column":29},"end":{"line":79,"column":61}},"28":{"start":{"line":89,"column":29},"end":{"line":89,"column":58}},"29":{"start":{"line":103,"column":14},"end":{"line":103,"column":103}}},"fnMap":{"0":{"name":"AnswerModal","decl":{"start":{"line":5,"column":9},"end":{"line":5,"column":20}},"loc":{"start":{"line":8,"column":3},"end":{"line":112,"column":1}},"line":8},"1":{"name":"(anonymous_1)","decl":{"start":{"line":14,"column":12},"end":{"line":14,"column":13}},"loc":{"start":{"line":14,"column":18},"end":{"line":19,"column":3}},"line":14},"2":{"name":"(anonymous_2)","decl":{"start":{"line":16,"column":11},"end":{"line":16,"column":12}},"loc":{"start":{"line":16,"column":17},"end":{"line":18,"column":5}},"line":16},"3":{"name":"(anonymous_3)","decl":{"start":{"line":21,"column":27},"end":{"line":21,"column":28}},"loc":{"start":{"line":21,"column":44},"end":{"line":38,"column":3}},"line":21},"4":{"name":"(anonymous_4)","decl":{"start":{"line":25,"column":18},"end":{"line":25,"column":19}},"loc":{"start":{"line":25,"column":28},"end":{"line":27,"column":5}},"line":25},"5":{"name":"(anonymous_5)","decl":{"start":{"line":40,"column":23},"end":{"line":40,"column":24}},"loc":{"start":{"line":40,"column":40},"end":{"line":52,"column":3}},"line":40},"6":{"name":"(anonymous_6)","decl":{"start":{"line":56,"column":43},"end":{"line":56,"column":44}},"loc":{"start":{"line":56,"column":50},"end":{"line":56,"column":69}},"line":56},"7":{"name":"(anonymous_7)","decl":{"start":{"line":69,"column":22},"end":{"line":69,"column":23}},"loc":{"start":{"line":69,"column":29},"end":{"line":69,"column":59}},"line":69},"8":{"name":"(anonymous_8)","decl":{"start":{"line":79,"column":22},"end":{"line":79,"column":23}},"loc":{"start":{"line":79,"column":29},"end":{"line":79,"column":61}},"line":79},"9":{"name":"(anonymous_9)","decl":{"start":{"line":89,"column":22},"end":{"line":89,"column":23}},"loc":{"start":{"line":89,"column":29},"end":{"line":89,"column":58}},"line":89},"10":{"name":"(anonymous_10)","decl":{"start":{"line":102,"column":24},"end":{"line":102,"column":25}},"loc":{"start":{"line":103,"column":14},"end":{"line":103,"column":103}},"line":103}},"branchMap":{"0":{"loc":{"start":{"line":15,"column":35},"end":{"line":15,"column":62}},"type":"cond-expr","locations":[{"start":{"line":15,"column":44},"end":{"line":15,"column":52}},{"start":{"line":15,"column":55},"end":{"line":15,"column":62}}],"line":15},"1":{"loc":{"start":{"line":54,"column":9},"end":{"line":111,"column":10}},"type":"cond-expr","locations":[{"start":{"line":55,"column":4},"end":{"line":110,"column":10}},{"start":{"line":111,"column":6},"end":{"line":111,"column":10}}],"line":54}},"s":{"0":1,"1":1,"2":1,"3":1,"4":1,"5":1,"6":1,"7":1,"8":1,"9":0,"10":0,"11":0,"12":0,"13":0,"14":0,"15":0,"16":0,"17":0,"18":1,"19":0,"20":0,"21":0,"22":0,"23":0,"24":1,"25":1,"26":0,"27":0,"28":0,"29":0},"f":{"0":1,"1":1,"2":1,"3":0,"4":0,"5":0,"6":1,"7":0,"8":0,"9":0,"10":0},"b":{"0":[1,0],"1":[1,0]},"_coverageSchema":"1a1c01bbd47fc00a2c39e90264f33305004495a9","hash":"3d22cdec3238fecfcd56f21b38ce4b8927c9adb0"}
,"/home/andrewpark0408/FEC_D-ARRAY_QUEENS/src/components/questionsAndAnswers/AnswersList.jsx": {"path":"/home/andrewpark0408/FEC_D-ARRAY_QUEENS/src/components/questionsAndAnswers/AnswersList.jsx","statementMap":{"0":{"start":{"line":7,"column":24},"end":{"line":12,"column":6}},"1":{"start":{"line":9,"column":6},"end":{"line":9,"column":50}},"2":{"start":{"line":9,"column":40},"end":{"line":9,"column":50}},"3":{"start":{"line":10,"column":6},"end":{"line":10,"column":49}},"4":{"start":{"line":10,"column":40},"end":{"line":10,"column":49}},"5":{"start":{"line":11,"column":6},"end":{"line":11,"column":43}},"6":{"start":{"line":15,"column":24},"end":{"line":15,"column":78}},"7":{"start":{"line":16,"column":2},"end":{"line":28,"column":4}},"8":{"start":{"line":19,"column":8},"end":{"line":25,"column":10}}},"fnMap":{"0":{"name":"AnswersList","decl":{"start":{"line":4,"column":9},"end":{"line":4,"column":20}},"loc":{"start":{"line":6,"column":3},"end":{"line":29,"column":1}},"line":6},"1":{"name":"(anonymous_1)","decl":{"start":{"line":8,"column":10},"end":{"line":8,"column":11}},"loc":{"start":{"line":8,"column":20},"end":{"line":12,"column":5}},"line":8},"2":{"name":"(anonymous_2)","decl":{"start":{"line":18,"column":25},"end":{"line":18,"column":26}},"loc":{"start":{"line":19,"column":8},"end":{"line":25,"column":10}},"line":19}},"branchMap":{"0":{"loc":{"start":{"line":9,"column":6},"end":{"line":9,"column":50}},"type":"if","locations":[{"start":{"line":9,"column":6},"end":{"line":9,"column":50}},{"start":{},"end":{}}],"line":9},"1":{"loc":{"start":{"line":10,"column":6},"end":{"line":10,"column":49}},"type":"if","locations":[{"start":{"line":10,"column":6},"end":{"line":10,"column":49}},{"start":{},"end":{}}],"line":10},"2":{"loc":{"start":{"line":15,"column":24},"end":{"line":15,"column":78}},"type":"cond-expr","locations":[{"start":{"line":15,"column":37},"end":{"line":15,"column":50}},{"start":{"line":15,"column":53},"end":{"line":15,"column":78}}],"line":15}},"s":{"0":2,"1":28,"2":0,"3":28,"4":0,"5":28,"6":2,"7":2,"8":4},"f":{"0":2,"1":28,"2":4},"b":{"0":[0,28],"1":[0,28],"2":[0,2]},"_coverageSchema":"1a1c01bbd47fc00a2c39e90264f33305004495a9","hash":"d1787524a9101f364405a149c5d4241f1f8c439a"}
,"/home/andrewpark0408/FEC_D-ARRAY_QUEENS/src/components/questionsAndAnswers/GetAllQuestionsAndAnswers.jsx": {"path":"/home/andrewpark0408/FEC_D-ARRAY_QUEENS/src/components/questionsAndAnswers/GetAllQuestionsAndAnswers.jsx","statementMap":{"0":{"start":{"line":11,"column":36},"end":{"line":11,"column":48}},"1":{"start":{"line":12,"column":52},"end":{"line":12,"column":64}},"2":{"start":{"line":13,"column":50},"end":{"line":13,"column":61}},"3":{"start":{"line":14,"column":52},"end":{"line":14,"column":67}},"4":{"start":{"line":15,"column":56},"end":{"line":15,"column":71}},"5":{"start":{"line":16,"column":50},"end":{"line":16,"column":62}},"6":{"start":{"line":17,"column":38},"end":{"line":17,"column":50}},"7":{"start":{"line":18,"column":50},"end":{"line":18,"column":69}},"8":{"start":{"line":19,"column":48},"end":{"line":19,"column":67}},"9":{"start":{"line":20,"column":42},"end":{"line":20,"column":57}},"10":{"start":{"line":21,"column":40},"end":{"line":21,"column":51}},"11":{"start":{"line":22,"column":36},"end":{"line":22,"column":50}},"12":{"start":{"line":24,"column":19},"end":{"line":24,"column":23}},"13":{"start":{"line":26,"column":2},"end":{"line":62,"column":54}},"14":{"start":{"line":27,"column":4},"end":{"line":27,"column":21}},"15":{"start":{"line":28,"column":4},"end":{"line":28,"column":27}},"16":{"start":{"line":29,"column":4},"end":{"line":29,"column":22}},"17":{"start":{"line":31,"column":27},"end":{"line":59,"column":5}},"18":{"start":{"line":32,"column":6},"end":{"line":35,"column":7}},"19":{"start":{"line":33,"column":8},"end":{"line":33,"column":27}},"20":{"start":{"line":34,"column":8},"end":{"line":34,"column":15}},"21":{"start":{"line":37,"column":6},"end":{"line":58,"column":7}},"22":{"start":{"line":38,"column":8},"end":{"line":38,"column":27}},"23":{"start":{"line":39,"column":8},"end":{"line":57,"column":9}},"24":{"start":{"line":40,"column":27},"end":{"line":42,"column":12}},"25":{"start":{"line":43,"column":35},"end":{"line":44,"column":76}},"26":{"start":{"line":44,"column":28},"end":{"line":44,"column":75}},"27":{"start":{"line":46,"column":34},"end":{"line":46,"column":43}},"28":{"start":{"line":47,"column":10},"end":{"line":49,"column":13}},"29":{"start":{"line":48,"column":12},"end":{"line":48,"column":64}},"30":{"start":{"line":51,"column":10},"end":{"line":51,"column":54}},"31":{"start":{"line":52,"column":10},"end":{"line":52,"column":30}},"32":{"start":{"line":56,"column":10},"end":{"line":56,"column":30}},"33":{"start":{"line":61,"column":4},"end":{"line":61,"column":21}},"34":{"start":{"line":64,"column":2},"end":{"line":74,"column":30}},"35":{"start":{"line":65,"column":4},"end":{"line":73,"column":5}},"36":{"start":{"line":66,"column":30},"end":{"line":66,"column":54}},"37":{"start":{"line":67,"column":23},"end":{"line":69,"column":35}},"38":{"start":{"line":67,"column":54},"end":{"line":69,"column":34}},"39":{"start":{"line":70,"column":6},"end":{"line":70,"column":37}},"40":{"start":{"line":72,"column":6},"end":{"line":72,"column":38}},"41":{"start":{"line":76,"column":2},"end":{"line":78,"column":3}},"42":{"start":{"line":77,"column":4},"end":{"line":77,"column":33}},"43":{"start":{"line":80,"column":34},"end":{"line":84,"column":3}},"44":{"start":{"line":82,"column":32},"end":{"line":82,"column":33}},"45":{"start":{"line":83,"column":4},"end":{"line":83,"column":94}},"46":{"start":{"line":83,"column":50},"end":{"line":83,"column":92}},"47":{"start":{"line":86,"column":26},"end":{"line":89,"column":3}},"48":{"start":{"line":87,"column":4},"end":{"line":87,"column":31}},"49":{"start":{"line":88,"column":4},"end":{"line":88,"column":34}},"50":{"start":{"line":90,"column":28},"end":{"line":92,"column":3}},"51":{"start":{"line":91,"column":4},"end":{"line":91,"column":33}},"52":{"start":{"line":94,"column":27},"end":{"line":107,"column":3}},"53":{"start":{"line":95,"column":4},"end":{"line":106,"column":5}},"54":{"start":{"line":96,"column":6},"end":{"line":103,"column":7}},"55":{"start":{"line":97,"column":25},"end":{"line":99,"column":10}},"56":{"start":{"line":100,"column":33},"end":{"line":101,"column":74}},"57":{"start":{"line":101,"column":26},"end":{"line":101,"column":73}},"58":{"start":{"line":102,"column":8},"end":{"line":102,"column":39}},"59":{"start":{"line":109,"column":30},"end":{"line":127,"column":3}},"60":{"start":{"line":110,"column":4},"end":{"line":126,"column":5}},"61":{"start":{"line":111,"column":6},"end":{"line":125,"column":7}},"62":{"start":{"line":112,"column":8},"end":{"line":112,"column":59}},"63":{"start":{"line":113,"column":8},"end":{"line":113,"column":70}},"64":{"start":{"line":115,"column":8},"end":{"line":122,"column":12}},"65":{"start":{"line":115,"column":40},"end":{"line":122,"column":10}},"66":{"start":{"line":116,"column":10},"end":{"line":120,"column":11}},"67":{"start":{"line":117,"column":35},"end":{"line":117,"column":51}},"68":{"start":{"line":118,"column":12},"end":{"line":118,"column":54}},"69":{"start":{"line":119,"column":12},"end":{"line":119,"column":53}},"70":{"start":{"line":121,"column":10},"end":{"line":121,"column":19}},"71":{"start":{"line":129,"column":32},"end":{"line":149,"column":3}},"72":{"start":{"line":130,"column":4},"end":{"line":148,"column":5}},"73":{"start":{"line":131,"column":6},"end":{"line":147,"column":7}},"74":{"start":{"line":132,"column":8},"end":{"line":132,"column":63}},"75":{"start":{"line":135,"column":8},"end":{"line":135,"column":72}},"76":{"start":{"line":138,"column":8},"end":{"line":144,"column":12}},"77":{"start":{"line":138,"column":40},"end":{"line":144,"column":10}},"78":{"start":{"line":139,"column":10},"end":{"line":142,"column":11}},"79":{"start":{"line":141,"column":12},"end":{"line":141,"column":78}},"80":{"start":{"line":143,"column":10},"end":{"line":143,"column":19}},"81":{"start":{"line":151,"column":23},"end":{"line":161,"column":3}},"82":{"start":{"line":152,"column":4},"end":{"line":160,"column":5}},"83":{"start":{"line":153,"column":6},"end":{"line":159,"column":7}},"84":{"start":{"line":154,"column":8},"end":{"line":154,"column":58}},"85":{"start":{"line":155,"column":8},"end":{"line":155,"column":68}},"86":{"start":{"line":163,"column":23},"end":{"line":171,"column":3}},"87":{"start":{"line":164,"column":29},"end":{"line":169,"column":6}},"88":{"start":{"line":165,"column":6},"end":{"line":167,"column":7}},"89":{"start":{"line":166,"column":8},"end":{"line":166,"column":47}},"90":{"start":{"line":168,"column":6},"end":{"line":168,"column":15}},"91":{"start":{"line":170,"column":4},"end":{"line":170,"column":35}},"92":{"start":{"line":173,"column":2},"end":{"line":215,"column":4}},"93":{"start":{"line":191,"column":32},"end":{"line":191,"column":59}},"94":{"start":{"line":201,"column":73},"end":{"line":201,"column":101}},"95":{"start":{"line":206,"column":32},"end":{"line":206,"column":61}}},"fnMap":{"0":{"name":"GetAllQuestionsAndAnswers","decl":{"start":{"line":10,"column":9},"end":{"line":10,"column":34}},"loc":{"start":{"line":10,"column":55},"end":{"line":216,"column":1}},"line":10},"1":{"name":"(anonymous_1)","decl":{"start":{"line":26,"column":12},"end":{"line":26,"column":13}},"loc":{"start":{"line":26,"column":18},"end":{"line":62,"column":3}},"line":26},"2":{"name":"(anonymous_2)","decl":{"start":{"line":31,"column":27},"end":{"line":31,"column":28}},"loc":{"start":{"line":31,"column":39},"end":{"line":59,"column":5}},"line":31},"3":{"name":"(anonymous_3)","decl":{"start":{"line":44,"column":18},"end":{"line":44,"column":19}},"loc":{"start":{"line":44,"column":28},"end":{"line":44,"column":75}},"line":44},"4":{"name":"(anonymous_4)","decl":{"start":{"line":47,"column":35},"end":{"line":47,"column":36}},"loc":{"start":{"line":47,"column":49},"end":{"line":49,"column":11}},"line":47},"5":{"name":"(anonymous_5)","decl":{"start":{"line":64,"column":12},"end":{"line":64,"column":13}},"loc":{"start":{"line":64,"column":18},"end":{"line":74,"column":3}},"line":64},"6":{"name":"(anonymous_6)","decl":{"start":{"line":67,"column":40},"end":{"line":67,"column":41}},"loc":{"start":{"line":67,"column":54},"end":{"line":69,"column":34}},"line":67},"7":{"name":"(anonymous_7)","decl":{"start":{"line":80,"column":34},"end":{"line":80,"column":35}},"loc":{"start":{"line":80,"column":40},"end":{"line":84,"column":3}},"line":80},"8":{"name":"(anonymous_8)","decl":{"start":{"line":83,"column":24},"end":{"line":83,"column":25}},"loc":{"start":{"line":83,"column":50},"end":{"line":83,"column":92}},"line":83},"9":{"name":"(anonymous_9)","decl":{"start":{"line":86,"column":26},"end":{"line":86,"column":27}},"loc":{"start":{"line":86,"column":40},"end":{"line":89,"column":3}},"line":86},"10":{"name":"(anonymous_10)","decl":{"start":{"line":90,"column":28},"end":{"line":90,"column":29}},"loc":{"start":{"line":90,"column":34},"end":{"line":92,"column":3}},"line":90},"11":{"name":"(anonymous_11)","decl":{"start":{"line":94,"column":27},"end":{"line":94,"column":28}},"loc":{"start":{"line":94,"column":39},"end":{"line":107,"column":3}},"line":94},"12":{"name":"(anonymous_12)","decl":{"start":{"line":101,"column":16},"end":{"line":101,"column":17}},"loc":{"start":{"line":101,"column":26},"end":{"line":101,"column":73}},"line":101},"13":{"name":"(anonymous_13)","decl":{"start":{"line":109,"column":30},"end":{"line":109,"column":31}},"loc":{"start":{"line":109,"column":50},"end":{"line":127,"column":3}},"line":109},"14":{"name":"(anonymous_14)","decl":{"start":{"line":115,"column":21},"end":{"line":115,"column":22}},"loc":{"start":{"line":115,"column":40},"end":{"line":122,"column":10}},"line":115},"15":{"name":"(anonymous_15)","decl":{"start":{"line":115,"column":58},"end":{"line":115,"column":59}},"loc":{"start":{"line":115,"column":65},"end":{"line":122,"column":9}},"line":115},"16":{"name":"(anonymous_16)","decl":{"start":{"line":129,"column":32},"end":{"line":129,"column":33}},"loc":{"start":{"line":129,"column":54},"end":{"line":149,"column":3}},"line":129},"17":{"name":"(anonymous_17)","decl":{"start":{"line":138,"column":21},"end":{"line":138,"column":22}},"loc":{"start":{"line":138,"column":40},"end":{"line":144,"column":10}},"line":138},"18":{"name":"(anonymous_18)","decl":{"start":{"line":138,"column":58},"end":{"line":138,"column":59}},"loc":{"start":{"line":138,"column":65},"end":{"line":144,"column":9}},"line":138},"19":{"name":"(anonymous_19)","decl":{"start":{"line":151,"column":23},"end":{"line":151,"column":24}},"loc":{"start":{"line":151,"column":43},"end":{"line":161,"column":3}},"line":151},"20":{"name":"(anonymous_20)","decl":{"start":{"line":163,"column":23},"end":{"line":163,"column":24}},"loc":{"start":{"line":163,"column":37},"end":{"line":171,"column":3}},"line":163},"21":{"name":"(anonymous_21)","decl":{"start":{"line":164,"column":43},"end":{"line":164,"column":44}},"loc":{"start":{"line":164,"column":50},"end":{"line":169,"column":5}},"line":164},"22":{"name":"(anonymous_22)","decl":{"start":{"line":191,"column":26},"end":{"line":191,"column":27}},"loc":{"start":{"line":191,"column":32},"end":{"line":191,"column":59}},"line":191},"23":{"name":"(anonymous_23)","decl":{"start":{"line":201,"column":67},"end":{"line":201,"column":68}},"loc":{"start":{"line":201,"column":73},"end":{"line":201,"column":101}},"line":201},"24":{"name":"(anonymous_24)","decl":{"start":{"line":206,"column":26},"end":{"line":206,"column":27}},"loc":{"start":{"line":206,"column":32},"end":{"line":206,"column":61}},"line":206}},"branchMap":{"0":{"loc":{"start":{"line":32,"column":6},"end":{"line":35,"column":7}},"type":"if","locations":[{"start":{"line":32,"column":6},"end":{"line":35,"column":7}},{"start":{},"end":{}}],"line":32},"1":{"loc":{"start":{"line":37,"column":6},"end":{"line":58,"column":7}},"type":"if","locations":[{"start":{"line":37,"column":6},"end":{"line":58,"column":7}},{"start":{},"end":{}}],"line":37},"2":{"loc":{"start":{"line":65,"column":4},"end":{"line":73,"column":5}},"type":"if","locations":[{"start":{"line":65,"column":4},"end":{"line":73,"column":5}},{"start":{"line":71,"column":11},"end":{"line":73,"column":5}}],"line":65},"3":{"loc":{"start":{"line":76,"column":2},"end":{"line":78,"column":3}},"type":"if","locations":[{"start":{"line":76,"column":2},"end":{"line":78,"column":3}},{"start":{},"end":{}}],"line":76},"4":{"loc":{"start":{"line":96,"column":6},"end":{"line":103,"column":7}},"type":"if","locations":[{"start":{"line":96,"column":6},"end":{"line":103,"column":7}},{"start":{},"end":{}}],"line":96},"5":{"loc":{"start":{"line":96,"column":10},"end":{"line":96,"column":45}},"type":"binary-expr","locations":[{"start":{"line":96,"column":10},"end":{"line":96,"column":24}},{"start":{"line":96,"column":28},"end":{"line":96,"column":45}}],"line":96},"6":{"loc":{"start":{"line":110,"column":4},"end":{"line":126,"column":5}},"type":"if","locations":[{"start":{"line":110,"column":4},"end":{"line":126,"column":5}},{"start":{},"end":{}}],"line":110},"7":{"loc":{"start":{"line":116,"column":10},"end":{"line":120,"column":11}},"type":"if","locations":[{"start":{"line":116,"column":10},"end":{"line":120,"column":11}},{"start":{},"end":{}}],"line":116},"8":{"loc":{"start":{"line":130,"column":4},"end":{"line":148,"column":5}},"type":"if","locations":[{"start":{"line":130,"column":4},"end":{"line":148,"column":5}},{"start":{},"end":{}}],"line":130},"9":{"loc":{"start":{"line":139,"column":10},"end":{"line":142,"column":11}},"type":"if","locations":[{"start":{"line":139,"column":10},"end":{"line":142,"column":11}},{"start":{},"end":{}}],"line":139},"10":{"loc":{"start":{"line":152,"column":4},"end":{"line":160,"column":5}},"type":"if","locations":[{"start":{"line":152,"column":4},"end":{"line":160,"column":5}},{"start":{},"end":{}}],"line":152},"11":{"loc":{"start":{"line":165,"column":6},"end":{"line":167,"column":7}},"type":"if","locations":[{"start":{"line":165,"column":6},"end":{"line":167,"column":7}},{"start":{},"end":{}}],"line":165},"12":{"loc":{"start":{"line":188,"column":7},"end":{"line":198,"column":7}},"type":"binary-expr","locations":[{"start":{"line":188,"column":7},"end":{"line":188,"column":24}},{"start":{"line":189,"column":8},"end":{"line":197,"column":10}}],"line":188},"13":{"loc":{"start":{"line":203,"column":7},"end":{"line":213,"column":7}},"type":"binary-expr","locations":[{"start":{"line":203,"column":7},"end":{"line":203,"column":26}},{"start":{"line":204,"column":8},"end":{"line":212,"column":10}}],"line":203}},"s":{"0":13,"1":13,"2":13,"3":13,"4":13,"5":13,"6":13,"7":13,"8":13,"9":13,"10":13,"11":13,"12":13,"13":13,"14":3,"15":3,"16":3,"17":3,"18":3,"19":0,"20":0,"21":3,"22":3,"23":3,"24":3,"25":3,"26":0,"27":2,"28":2,"29":2,"30":2,"31":2,"32":3,"33":3,"34":13,"35":8,"36":0,"37":0,"38":0,"39":0,"40":8,"41":13,"42":9,"43":4,"44":0,"45":0,"46":0,"47":4,"48":0,"49":0,"50":4,"51":0,"52":4,"53":0,"54":0,"55":0,"56":0,"57":0,"58":0,"59":4,"60":0,"61":0,"62":0,"63":0,"64":0,"65":0,"66":0,"67":0,"68":0,"69":0,"70":0,"71":4,"72":0,"73":0,"74":0,"75":0,"76":0,"77":0,"78":0,"79":0,"80":0,"81":4,"82":0,"83":0,"84":0,"85":0,"86":4,"87":0,"88":0,"89":0,"90":0,"91":0,"92":4,"93":0,"94":0,"95":0},"f":{"0":13,"1":3,"2":3,"3":0,"4":2,"5":8,"6":0,"7":0,"8":0,"9":0,"10":0,"11":0,"12":0,"13":0,"14":0,"15":0,"16":0,"17":0,"18":0,"19":0,"20":0,"21":0,"22":0,"23":0,"24":0},"b":{"0":[0,3],"1":[3,0],"2":[0,8],"3":[9,4],"4":[0,0],"5":[0,0],"6":[0,0],"7":[0,0],"8":[0,0],"9":[0,0],"10":[0,0],"11":[0,0],"12":[4,0],"13":[4,0]},"_coverageSchema":"1a1c01bbd47fc00a2c39e90264f33305004495a9","hash":"41ca802fec3d52bb6068ea6c0b6ad5461c24fa73"}
,"/home/andrewpark0408/FEC_D-ARRAY_QUEENS/src/components/questionsAndAnswers/ImageModal.jsx": {"path":"/home/andrewpark0408/FEC_D-ARRAY_QUEENS/src/components/questionsAndAnswers/ImageModal.jsx","statementMap":{"0":{"start":{"line":4,"column":2},"end":{"line":11,"column":4}},"1":{"start":{"line":6,"column":51},"end":{"line":6,"column":70}}},"fnMap":{"0":{"name":"ImageModal","decl":{"start":{"line":3,"column":9},"end":{"line":3,"column":19}},"loc":{"start":{"line":3,"column":40},"end":{"line":12,"column":1}},"line":3},"1":{"name":"(anonymous_1)","decl":{"start":{"line":6,"column":44},"end":{"line":6,"column":45}},"loc":{"start":{"line":6,"column":51},"end":{"line":6,"column":70}},"line":6}},"branchMap":{},"s":{"0":2,"1":1},"f":{"0":2,"1":1},"b":{},"_coverageSchema":"1a1c01bbd47fc00a2c39e90264f33305004495a9","hash":"53f91fd8bc2e48e4f2aad7b7f9593dfafbcd7b20"}
,"/home/andrewpark0408/FEC_D-ARRAY_QUEENS/src/components/questionsAndAnswers/LoadMoreButton.jsx": {"path":"/home/andrewpark0408/FEC_D-ARRAY_QUEENS/src/components/questionsAndAnswers/LoadMoreButton.jsx","statementMap":{"0":{"start":{"line":4,"column":2},"end":{"line":4,"column":93}}},"fnMap":{"0":{"name":"LoadMoreButton","decl":{"start":{"line":3,"column":9},"end":{"line":3,"column":23}},"loc":{"start":{"line":3,"column":43},"end":{"line":5,"column":1}},"line":3}},"branchMap":{},"s":{"0":4},"f":{"0":4},"b":{},"_coverageSchema":"1a1c01bbd47fc00a2c39e90264f33305004495a9","hash":"20643b8eef09a11499cfe6d4dc839b7c725cffc8"}
,"/home/andrewpark0408/FEC_D-ARRAY_QUEENS/src/components/questionsAndAnswers/QuestionItem.jsx": {"path":"/home/andrewpark0408/FEC_D-ARRAY_QUEENS/src/components/questionsAndAnswers/QuestionItem.jsx","statementMap":{"0":{"start":{"line":8,"column":38},"end":{"line":8,"column":53}},"1":{"start":{"line":10,"column":2},"end":{"line":55,"column":4}},"2":{"start":{"line":23,"column":12},"end":{"line":23,"column":31}},"3":{"start":{"line":24,"column":12},"end":{"line":24,"column":60}},"4":{"start":{"line":36,"column":25},"end":{"line":36,"column":54}},"5":{"start":{"line":50,"column":75},"end":{"line":50,"column":101}}},"fnMap":{"0":{"name":"QuestionItem","decl":{"start":{"line":4,"column":9},"end":{"line":4,"column":21}},"loc":{"start":{"line":7,"column":3},"end":{"line":56,"column":1}},"line":7},"1":{"name":"(anonymous_1)","decl":{"start":{"line":22,"column":19},"end":{"line":22,"column":20}},"loc":{"start":{"line":22,"column":26},"end":{"line":25,"column":11}},"line":22},"2":{"name":"(anonymous_2)","decl":{"start":{"line":36,"column":19},"end":{"line":36,"column":20}},"loc":{"start":{"line":36,"column":25},"end":{"line":36,"column":54}},"line":36},"3":{"name":"(anonymous_3)","decl":{"start":{"line":50,"column":69},"end":{"line":50,"column":70}},"loc":{"start":{"line":50,"column":75},"end":{"line":50,"column":101}},"line":50}},"branchMap":{"0":{"loc":{"start":{"line":49,"column":7},"end":{"line":53,"column":7}},"type":"binary-expr","locations":[{"start":{"line":49,"column":7},"end":{"line":49,"column":51}},{"start":{"line":50,"column":8},"end":{"line":52,"column":17}}],"line":49},"1":{"loc":{"start":{"line":51,"column":11},"end":{"line":51,"column":64}},"type":"cond-expr","locations":[{"start":{"line":51,"column":24},"end":{"line":51,"column":42}},{"start":{"line":51,"column":45},"end":{"line":51,"column":64}}],"line":51}},"s":{"0":2,"1":2,"2":0,"3":0,"4":0,"5":0},"f":{"0":2,"1":0,"2":0,"3":0},"b":{"0":[2,2],"1":[0,2]},"_coverageSchema":"1a1c01bbd47fc00a2c39e90264f33305004495a9","hash":"f1b68d7ab3b005b85b205d4763b9f4e804e0c2f1"}
,"/home/andrewpark0408/FEC_D-ARRAY_QUEENS/src/components/questionsAndAnswers/QuestionModal.jsx": {"path":"/home/andrewpark0408/FEC_D-ARRAY_QUEENS/src/components/questionsAndAnswers/QuestionModal.jsx","statementMap":{"0":{"start":{"line":8,"column":44},"end":{"line":8,"column":56}},"1":{"start":{"line":9,"column":44},"end":{"line":9,"column":56}},"2":{"start":{"line":10,"column":38},"end":{"line":10,"column":50}},"3":{"start":{"line":12,"column":2},"end":{"line":21,"column":15}},"4":{"start":{"line":14,"column":29},"end":{"line":14,"column":56}},"5":{"start":{"line":15,"column":4},"end":{"line":15,"column":52}},"6":{"start":{"line":18,"column":4},"end":{"line":20,"column":6}},"7":{"start":{"line":19,"column":6},"end":{"line":19,"column":45}},"8":{"start":{"line":23,"column":25},"end":{"line":43,"column":3}},"9":{"start":{"line":24,"column":4},"end":{"line":24,"column":27}},"10":{"start":{"line":25,"column":4},"end":{"line":25,"column":26}},"11":{"start":{"line":27,"column":28},"end":{"line":32,"column":5}},"12":{"start":{"line":34,"column":4},"end":{"line":42,"column":5}},"13":{"start":{"line":35,"column":6},"end":{"line":35,"column":57}},"14":{"start":{"line":36,"column":6},"end":{"line":36,"column":25}},"15":{"start":{"line":38,"column":6},"end":{"line":38,"column":57}},"16":{"start":{"line":40,"column":6},"end":{"line":40,"column":29}},"17":{"start":{"line":41,"column":6},"end":{"line":41,"column":23}},"18":{"start":{"line":45,"column":2},"end":{"line":88,"column":11}},"19":{"start":{"line":47,"column":50},"end":{"line":47,"column":69}},"20":{"start":{"line":59,"column":29},"end":{"line":59,"column":61}},"21":{"start":{"line":69,"column":29},"end":{"line":69,"column":61}},"22":{"start":{"line":79,"column":29},"end":{"line":79,"column":58}}},"fnMap":{"0":{"name":"QuestionModal","decl":{"start":{"line":5,"column":9},"end":{"line":5,"column":22}},"loc":{"start":{"line":7,"column":3},"end":{"line":89,"column":1}},"line":7},"1":{"name":"(anonymous_1)","decl":{"start":{"line":12,"column":12},"end":{"line":12,"column":13}},"loc":{"start":{"line":12,"column":18},"end":{"line":21,"column":3}},"line":12},"2":{"name":"(anonymous_2)","decl":{"start":{"line":18,"column":11},"end":{"line":18,"column":12}},"loc":{"start":{"line":18,"column":17},"end":{"line":20,"column":5}},"line":18},"3":{"name":"(anonymous_3)","decl":{"start":{"line":23,"column":25},"end":{"line":23,"column":26}},"loc":{"start":{"line":23,"column":42},"end":{"line":43,"column":3}},"line":23},"4":{"name":"(anonymous_4)","decl":{"start":{"line":47,"column":43},"end":{"line":47,"column":44}},"loc":{"start":{"line":47,"column":50},"end":{"line":47,"column":69}},"line":47},"5":{"name":"(anonymous_5)","decl":{"start":{"line":59,"column":22},"end":{"line":59,"column":23}},"loc":{"start":{"line":59,"column":29},"end":{"line":59,"column":61}},"line":59},"6":{"name":"(anonymous_6)","decl":{"start":{"line":69,"column":22},"end":{"line":69,"column":23}},"loc":{"start":{"line":69,"column":29},"end":{"line":69,"column":61}},"line":69},"7":{"name":"(anonymous_7)","decl":{"start":{"line":79,"column":22},"end":{"line":79,"column":23}},"loc":{"start":{"line":79,"column":29},"end":{"line":79,"column":58}},"line":79}},"branchMap":{"0":{"loc":{"start":{"line":14,"column":29},"end":{"line":14,"column":56}},"type":"cond-expr","locations":[{"start":{"line":14,"column":38},"end":{"line":14,"column":46}},{"start":{"line":14,"column":49},"end":{"line":14,"column":56}}],"line":14},"1":{"loc":{"start":{"line":45,"column":9},"end":{"line":88,"column":10}},"type":"cond-expr","locations":[{"start":{"line":46,"column":4},"end":{"line":87,"column":10}},{"start":{"line":88,"column":6},"end":{"line":88,"column":10}}],"line":45}},"s":{"0":23,"1":23,"2":23,"3":23,"4":2,"5":2,"6":2,"7":2,"8":23,"9":0,"10":0,"11":0,"12":0,"13":0,"14":0,"15":0,"16":0,"17":0,"18":23,"19":2,"20":21,"21":0,"22":0},"f":{"0":23,"1":2,"2":2,"3":0,"4":2,"5":21,"6":0,"7":0},"b":{"0":[2,0],"1":[23,0]},"_coverageSchema":"1a1c01bbd47fc00a2c39e90264f33305004495a9","hash":"37dce98334aadaa9ab6ea99d0c402d3451a7ba44"}
,"/home/andrewpark0408/FEC_D-ARRAY_QUEENS/src/components/questionsAndAnswers/QuestionsList.jsx": {"path":"/home/andrewpark0408/FEC_D-ARRAY_QUEENS/src/components/questionsAndAnswers/QuestionsList.jsx","statementMap":{"0":{"start":{"line":8,"column":2},"end":{"line":25,"column":4}},"1":{"start":{"line":12,"column":10},"end":{"line":21,"column":12}},"2":{"start":{"line":19,"column":32},"end":{"line":19,"column":54}}},"fnMap":{"0":{"name":"QuestionsList","decl":{"start":{"line":4,"column":9},"end":{"line":4,"column":22}},"loc":{"start":{"line":7,"column":3},"end":{"line":26,"column":1}},"line":7},"1":{"name":"(anonymous_1)","decl":{"start":{"line":11,"column":54},"end":{"line":11,"column":55}},"loc":{"start":{"line":12,"column":10},"end":{"line":21,"column":12}},"line":12},"2":{"name":"(anonymous_2)","decl":{"start":{"line":19,"column":26},"end":{"line":19,"column":27}},"loc":{"start":{"line":19,"column":32},"end":{"line":19,"column":54}},"line":19}},"branchMap":{},"s":{"0":4,"1":2,"2":0},"f":{"0":4,"1":2,"2":0},"b":{},"_coverageSchema":"1a1c01bbd47fc00a2c39e90264f33305004495a9","hash":"7ca062d9399177f7659864e48489c19088aa855c"}
,"/home/andrewpark0408/FEC_D-ARRAY_QUEENS/src/components/questionsAndAnswers/SearchInput.jsx": {"path":"/home/andrewpark0408/FEC_D-ARRAY_QUEENS/src/components/questionsAndAnswers/SearchInput.jsx","statementMap":{"0":{"start":{"line":4,"column":2},"end":{"line":13,"column":4}},"1":{"start":{"line":10,"column":23},"end":{"line":10,"column":52}}},"fnMap":{"0":{"name":"SearchTerm","decl":{"start":{"line":3,"column":9},"end":{"line":3,"column":19}},"loc":{"start":{"line":3,"column":51},"end":{"line":14,"column":1}},"line":3},"1":{"name":"(anonymous_1)","decl":{"start":{"line":10,"column":16},"end":{"line":10,"column":17}},"loc":{"start":{"line":10,"column":23},"end":{"line":10,"column":52}},"line":10}},"branchMap":{},"s":{"0":4,"1":0},"f":{"0":4,"1":0},"b":{},"_coverageSchema":"1a1c01bbd47fc00a2c39e90264f33305004495a9","hash":"efa36b4df7d1e7a761b094ca1dfedc54792db03c"}
,"/home/andrewpark0408/FEC_D-ARRAY_QUEENS/src/spec/sampleData.js": {"path":"/home/andrewpark0408/FEC_D-ARRAY_QUEENS/src/spec/sampleData.js","statementMap":{"0":{"start":{"line":1,"column":22},"end":{"line":21,"column":1}}},"fnMap":{},"branchMap":{},"s":{"0":1},"f":{},"b":{},"_coverageSchema":"1a1c01bbd47fc00a2c39e90264f33305004495a9","hash":"3aede2788954ea33da288aae488f729e7732e78d"}
,"/home/andrewpark0408/FEC_D-ARRAY_QUEENS/src/spec/sampleQuestionData.js": {"path":"/home/andrewpark0408/FEC_D-ARRAY_QUEENS/src/spec/sampleQuestionData.js","statementMap":{"0":{"start":{"line":1,"column":27},"end":{"line":145,"column":1}}},"fnMap":{},"branchMap":{},"s":{"0":1},"f":{},"b":{},"_coverageSchema":"1a1c01bbd47fc00a2c39e90264f33305004495a9","hash":"53c80c5cb7b012c8f3c5646383e87cd353debad2"}
}
