{"/Users/malcolmkam/Hack Reactor/FEC_D-ARRAY_QUEENS/src/components/review/Bar.jsx": {"path":"/Users/malcolmkam/Hack Reactor/FEC_D-ARRAY_QUEENS/src/components/review/Bar.jsx","statementMap":{"0":{"start":{"line":5,"column":2},"end":{"line":9,"column":4}},"1":{"start":{"line":12,"column":19},"end":{"line":18,"column":1}},"2":{"start":{"line":20,"column":16},"end":{"line":28,"column":1}},"3":{"start":{"line":25,"column":22},"end":{"line":25,"column":53}}},"fnMap":{"0":{"name":"Bar","decl":{"start":{"line":4,"column":9},"end":{"line":4,"column":12}},"loc":{"start":{"line":4,"column":26},"end":{"line":10,"column":1}},"line":4},"1":{"name":"(anonymous_1)","decl":{"start":{"line":25,"column":10},"end":{"line":25,"column":11}},"loc":{"start":{"line":25,"column":22},"end":{"line":25,"column":53}},"line":25}},"branchMap":{},"s":{"0":0,"1":1,"2":1,"3":0},"f":{"0":0,"1":0},"b":{},"_coverageSchema":"1a1c01bbd47fc00a2c39e90264f33305004495a9","hash":"90439872ec2aef711de6fa3e745d212ec374f1f6"}
,"/Users/malcolmkam/Hack Reactor/FEC_D-ARRAY_QUEENS/src/components/review/Breakdown.jsx": {"path":"/Users/malcolmkam/Hack Reactor/FEC_D-ARRAY_QUEENS/src/components/review/Breakdown.jsx","statementMap":{"0":{"start":{"line":15,"column":32},"end":{"line":15,"column":37}},"1":{"start":{"line":20,"column":32},"end":{"line":20,"column":43}},"2":{"start":{"line":21,"column":50},"end":{"line":21,"column":61}},"3":{"start":{"line":22,"column":42},"end":{"line":22,"column":53}},"4":{"start":{"line":23,"column":42},"end":{"line":23,"column":53}},"5":{"start":{"line":24,"column":44},"end":{"line":24,"column":55}},"6":{"start":{"line":25,"column":40},"end":{"line":25,"column":51}},"7":{"start":{"line":26,"column":40},"end":{"line":26,"column":51}},"8":{"start":{"line":28,"column":2},"end":{"line":93,"column":32}},"9":{"start":{"line":29,"column":16},"end":{"line":29,"column":17}},"10":{"start":{"line":30,"column":16},"end":{"line":30,"column":17}},"11":{"start":{"line":31,"column":14},"end":{"line":31,"column":15}},"12":{"start":{"line":32,"column":19},"end":{"line":32,"column":20}},"13":{"start":{"line":33,"column":14},"end":{"line":33,"column":15}},"14":{"start":{"line":34,"column":14},"end":{"line":34,"column":15}},"15":{"start":{"line":35,"column":16},"end":{"line":35,"column":17}},"16":{"start":{"line":36,"column":15},"end":{"line":36,"column":16}},"17":{"start":{"line":37,"column":15},"end":{"line":37,"column":16}},"18":{"start":{"line":39,"column":4},"end":{"line":92,"column":5}},"19":{"start":{"line":40,"column":24},"end":{"line":40,"column":41}},"20":{"start":{"line":41,"column":6},"end":{"line":91,"column":11}},"21":{"start":{"line":43,"column":10},"end":{"line":43,"column":52}},"22":{"start":{"line":44,"column":10},"end":{"line":75,"column":11}},"23":{"start":{"line":45,"column":12},"end":{"line":65,"column":13}},"24":{"start":{"line":46,"column":14},"end":{"line":64,"column":17}},"25":{"start":{"line":47,"column":16},"end":{"line":47,"column":79}},"26":{"start":{"line":48,"column":16},"end":{"line":48,"column":73}},"27":{"start":{"line":49,"column":16},"end":{"line":51,"column":17}},"28":{"start":{"line":50,"column":18},"end":{"line":50,"column":73}},"29":{"start":{"line":52,"column":16},"end":{"line":54,"column":17}},"30":{"start":{"line":53,"column":18},"end":{"line":53,"column":73}},"31":{"start":{"line":55,"column":16},"end":{"line":57,"column":17}},"32":{"start":{"line":56,"column":18},"end":{"line":56,"column":75}},"33":{"start":{"line":58,"column":16},"end":{"line":60,"column":17}},"34":{"start":{"line":59,"column":18},"end":{"line":59,"column":74}},"35":{"start":{"line":61,"column":16},"end":{"line":63,"column":17}},"36":{"start":{"line":62,"column":18},"end":{"line":62,"column":74}},"37":{"start":{"line":67,"column":12},"end":{"line":69,"column":13}},"38":{"start":{"line":68,"column":14},"end":{"line":68,"column":62}},"39":{"start":{"line":70,"column":12},"end":{"line":70,"column":40}},"40":{"start":{"line":71,"column":12},"end":{"line":71,"column":40}},"41":{"start":{"line":72,"column":12},"end":{"line":72,"column":44}},"42":{"start":{"line":73,"column":12},"end":{"line":73,"column":42}},"43":{"start":{"line":74,"column":12},"end":{"line":74,"column":42}},"44":{"start":{"line":76,"column":10},"end":{"line":87,"column":11}},"45":{"start":{"line":77,"column":12},"end":{"line":82,"column":13}},"46":{"start":{"line":78,"column":14},"end":{"line":80,"column":17}},"47":{"start":{"line":79,"column":16},"end":{"line":79,"column":80}},"48":{"start":{"line":81,"column":14},"end":{"line":81,"column":73}},"49":{"start":{"line":84,"column":12},"end":{"line":86,"column":13}},"50":{"start":{"line":85,"column":14},"end":{"line":85,"column":70}},"51":{"start":{"line":90,"column":10},"end":{"line":90,"column":56}},"52":{"start":{"line":95,"column":23},"end":{"line":107,"column":3}},"53":{"start":{"line":96,"column":18},"end":{"line":96,"column":63}},"54":{"start":{"line":97,"column":18},"end":{"line":97,"column":46}},"55":{"start":{"line":98,"column":21},"end":{"line":98,"column":23}},"56":{"start":{"line":100,"column":4},"end":{"line":105,"column":5}},"57":{"start":{"line":101,"column":6},"end":{"line":101,"column":45}},"58":{"start":{"line":103,"column":6},"end":{"line":103,"column":38}},"59":{"start":{"line":104,"column":6},"end":{"line":104,"column":34}},"60":{"start":{"line":106,"column":4},"end":{"line":106,"column":33}},"61":{"start":{"line":109,"column":2},"end":{"line":116,"column":51}},"62":{"start":{"line":110,"column":4},"end":{"line":115,"column":5}},"63":{"start":{"line":111,"column":23},"end":{"line":111,"column":88}},"64":{"start":{"line":111,"column":50},"end":{"line":111,"column":87}},"65":{"start":{"line":112,"column":6},"end":{"line":112,"column":35}},"66":{"start":{"line":114,"column":6},"end":{"line":114,"column":29}},"67":{"start":{"line":118,"column":22},"end":{"line":120,"column":3}},"68":{"start":{"line":119,"column":4},"end":{"line":119,"column":25}},"69":{"start":{"line":122,"column":2},"end":{"line":199,"column":4}},"70":{"start":{"line":191,"column":8},"end":{"line":196,"column":20}},"71":{"start":{"line":202,"column":18},"end":{"line":206,"column":1}},"72":{"start":{"line":208,"column":24},"end":{"line":216,"column":1}},"73":{"start":{"line":212,"column":21},"end":{"line":215,"column":3}},"74":{"start":{"line":218,"column":16},"end":{"line":221,"column":1}},"75":{"start":{"line":223,"column":18},"end":{"line":225,"column":1}},"76":{"start":{"line":227,"column":21},"end":{"line":230,"column":1}},"77":{"start":{"line":232,"column":17},"end":{"line":234,"column":1}},"78":{"start":{"line":236,"column":21},"end":{"line":247,"column":1}}},"fnMap":{"0":{"name":"Breakdown","decl":{"start":{"line":17,"column":9},"end":{"line":17,"column":18}},"loc":{"start":{"line":19,"column":3},"end":{"line":200,"column":1}},"line":19},"1":{"name":"(anonymous_1)","decl":{"start":{"line":28,"column":12},"end":{"line":28,"column":13}},"loc":{"start":{"line":28,"column":18},"end":{"line":93,"column":3}},"line":28},"2":{"name":"(anonymous_2)","decl":{"start":{"line":42,"column":14},"end":{"line":42,"column":15}},"loc":{"start":{"line":42,"column":28},"end":{"line":88,"column":9}},"line":42},"3":{"name":"(anonymous_3)","decl":{"start":{"line":46,"column":57},"end":{"line":46,"column":58}},"loc":{"start":{"line":46,"column":66},"end":{"line":64,"column":15}},"line":46},"4":{"name":"(anonymous_4)","decl":{"start":{"line":78,"column":61},"end":{"line":78,"column":62}},"loc":{"start":{"line":78,"column":70},"end":{"line":80,"column":15}},"line":78},"5":{"name":"(anonymous_5)","decl":{"start":{"line":89,"column":15},"end":{"line":89,"column":16}},"loc":{"start":{"line":89,"column":24},"end":{"line":91,"column":9}},"line":89},"6":{"name":"(anonymous_6)","decl":{"start":{"line":95,"column":23},"end":{"line":95,"column":24}},"loc":{"start":{"line":95,"column":34},"end":{"line":107,"column":3}},"line":95},"7":{"name":"(anonymous_7)","decl":{"start":{"line":109,"column":12},"end":{"line":109,"column":13}},"loc":{"start":{"line":109,"column":18},"end":{"line":116,"column":3}},"line":109},"8":{"name":"(anonymous_8)","decl":{"start":{"line":111,"column":38},"end":{"line":111,"column":39}},"loc":{"start":{"line":111,"column":50},"end":{"line":111,"column":87}},"line":111},"9":{"name":"(anonymous_9)","decl":{"start":{"line":118,"column":22},"end":{"line":118,"column":23}},"loc":{"start":{"line":118,"column":28},"end":{"line":120,"column":3}},"line":118},"10":{"name":"(anonymous_10)","decl":{"start":{"line":190,"column":32},"end":{"line":190,"column":33}},"loc":{"start":{"line":191,"column":8},"end":{"line":196,"column":20}},"line":191},"11":{"name":"(anonymous_11)","decl":{"start":{"line":212,"column":4},"end":{"line":212,"column":5}},"loc":{"start":{"line":212,"column":21},"end":{"line":215,"column":3}},"line":212}},"branchMap":{"0":{"loc":{"start":{"line":39,"column":4},"end":{"line":92,"column":5}},"type":"if","locations":[{"start":{"line":39,"column":4},"end":{"line":92,"column":5}},{"start":{},"end":{}}],"line":39},"1":{"loc":{"start":{"line":39,"column":8},"end":{"line":39,"column":43}},"type":"binary-expr","locations":[{"start":{"line":39,"column":8},"end":{"line":39,"column":22}},{"start":{"line":39,"column":26},"end":{"line":39,"column":43}}],"line":39},"2":{"loc":{"start":{"line":44,"column":10},"end":{"line":75,"column":11}},"type":"if","locations":[{"start":{"line":44,"column":10},"end":{"line":75,"column":11}},{"start":{},"end":{}}],"line":44},"3":{"loc":{"start":{"line":45,"column":12},"end":{"line":65,"column":13}},"type":"if","locations":[{"start":{"line":45,"column":12},"end":{"line":65,"column":13}},{"start":{},"end":{}}],"line":45},"4":{"loc":{"start":{"line":49,"column":16},"end":{"line":51,"column":17}},"type":"if","locations":[{"start":{"line":49,"column":16},"end":{"line":51,"column":17}},{"start":{},"end":{}}],"line":49},"5":{"loc":{"start":{"line":52,"column":16},"end":{"line":54,"column":17}},"type":"if","locations":[{"start":{"line":52,"column":16},"end":{"line":54,"column":17}},{"start":{},"end":{}}],"line":52},"6":{"loc":{"start":{"line":55,"column":16},"end":{"line":57,"column":17}},"type":"if","locations":[{"start":{"line":55,"column":16},"end":{"line":57,"column":17}},{"start":{},"end":{}}],"line":55},"7":{"loc":{"start":{"line":58,"column":16},"end":{"line":60,"column":17}},"type":"if","locations":[{"start":{"line":58,"column":16},"end":{"line":60,"column":17}},{"start":{},"end":{}}],"line":58},"8":{"loc":{"start":{"line":61,"column":16},"end":{"line":63,"column":17}},"type":"if","locations":[{"start":{"line":61,"column":16},"end":{"line":63,"column":17}},{"start":{},"end":{}}],"line":61},"9":{"loc":{"start":{"line":67,"column":12},"end":{"line":69,"column":13}},"type":"if","locations":[{"start":{"line":67,"column":12},"end":{"line":69,"column":13}},{"start":{},"end":{}}],"line":67},"10":{"loc":{"start":{"line":76,"column":10},"end":{"line":87,"column":11}},"type":"if","locations":[{"start":{"line":76,"column":10},"end":{"line":87,"column":11}},{"start":{},"end":{}}],"line":76},"11":{"loc":{"start":{"line":77,"column":12},"end":{"line":82,"column":13}},"type":"if","locations":[{"start":{"line":77,"column":12},"end":{"line":82,"column":13}},{"start":{},"end":{}}],"line":77},"12":{"loc":{"start":{"line":84,"column":12},"end":{"line":86,"column":13}},"type":"if","locations":[{"start":{"line":84,"column":12},"end":{"line":86,"column":13}},{"start":{},"end":{}}],"line":84},"13":{"loc":{"start":{"line":100,"column":4},"end":{"line":105,"column":5}},"type":"if","locations":[{"start":{"line":100,"column":4},"end":{"line":105,"column":5}},{"start":{"line":102,"column":11},"end":{"line":105,"column":5}}],"line":100},"14":{"loc":{"start":{"line":110,"column":4},"end":{"line":115,"column":5}},"type":"if","locations":[{"start":{"line":110,"column":4},"end":{"line":115,"column":5}},{"start":{"line":113,"column":11},"end":{"line":115,"column":5}}],"line":110},"15":{"loc":{"start":{"line":183,"column":9},"end":{"line":188,"column":9}},"type":"binary-expr","locations":[{"start":{"line":183,"column":10},"end":{"line":183,"column":35}},{"start":{"line":184,"column":8},"end":{"line":187,"column":23}}],"line":183},"16":{"loc":{"start":{"line":212,"column":21},"end":{"line":215,"column":3}},"type":"binary-expr","locations":[{"start":{"line":212,"column":21},"end":{"line":212,"column":28}},{"start":{"line":213,"column":5},"end":{"line":215,"column":3}}],"line":212}},"s":{"0":1,"1":0,"2":0,"3":0,"4":0,"5":0,"6":0,"7":0,"8":0,"9":0,"10":0,"11":0,"12":0,"13":0,"14":0,"15":0,"16":0,"17":0,"18":0,"19":0,"20":0,"21":0,"22":0,"23":0,"24":0,"25":0,"26":0,"27":0,"28":0,"29":0,"30":0,"31":0,"32":0,"33":0,"34":0,"35":0,"36":0,"37":0,"38":0,"39":0,"40":0,"41":0,"42":0,"43":0,"44":0,"45":0,"46":0,"47":0,"48":0,"49":0,"50":0,"51":0,"52":0,"53":0,"54":0,"55":0,"56":0,"57":0,"58":0,"59":0,"60":0,"61":0,"62":0,"63":0,"64":0,"65":0,"66":0,"67":0,"68":0,"69":0,"70":0,"71":1,"72":1,"73":0,"74":1,"75":1,"76":1,"77":1,"78":1},"f":{"0":0,"1":0,"2":0,"3":0,"4":0,"5":0,"6":0,"7":0,"8":0,"9":0,"10":0,"11":0},"b":{"0":[0,0],"1":[0,0],"2":[0,0],"3":[0,0],"4":[0,0],"5":[0,0],"6":[0,0],"7":[0,0],"8":[0,0],"9":[0,0],"10":[0,0],"11":[0,0],"12":[0,0],"13":[0,0],"14":[0,0],"15":[0,0],"16":[0,0]},"_coverageSchema":"1a1c01bbd47fc00a2c39e90264f33305004495a9","hash":"352da9a0bbf172c2faa9aa0c0453d65614b87002"}
,"/Users/malcolmkam/Hack Reactor/FEC_D-ARRAY_QUEENS/src/components/review/BreakdownFactors.jsx": {"path":"/Users/malcolmkam/Hack Reactor/FEC_D-ARRAY_QUEENS/src/components/review/BreakdownFactors.jsx","statementMap":{"0":{"start":{"line":5,"column":23},"end":{"line":5,"column":48}},"1":{"start":{"line":6,"column":2},"end":{"line":53,"column":4}},"2":{"start":{"line":56,"column":18},"end":{"line":58,"column":1}},"3":{"start":{"line":60,"column":14},"end":{"line":62,"column":1}},"4":{"start":{"line":64,"column":13},"end":{"line":73,"column":1}},"5":{"start":{"line":67,"column":22},"end":{"line":67,"column":33}},"6":{"start":{"line":75,"column":16},"end":{"line":79,"column":1}},"7":{"start":{"line":81,"column":19},"end":{"line":87,"column":1}}},"fnMap":{"0":{"name":"IconBar","decl":{"start":{"line":4,"column":9},"end":{"line":4,"column":16}},"loc":{"start":{"line":4,"column":46},"end":{"line":54,"column":1}},"line":4},"1":{"name":"(anonymous_1)","decl":{"start":{"line":67,"column":10},"end":{"line":67,"column":11}},"loc":{"start":{"line":67,"column":22},"end":{"line":67,"column":33}},"line":67}},"branchMap":{"0":{"loc":{"start":{"line":12,"column":7},"end":{"line":18,"column":7}},"type":"binary-expr","locations":[{"start":{"line":12,"column":8},"end":{"line":12,"column":32}},{"start":{"line":13,"column":6},"end":{"line":17,"column":16}}],"line":12},"1":{"loc":{"start":{"line":19,"column":7},"end":{"line":25,"column":7}},"type":"binary-expr","locations":[{"start":{"line":19,"column":8},"end":{"line":19,"column":33}},{"start":{"line":20,"column":6},"end":{"line":24,"column":16}}],"line":19},"2":{"loc":{"start":{"line":26,"column":7},"end":{"line":32,"column":7}},"type":"binary-expr","locations":[{"start":{"line":26,"column":8},"end":{"line":26,"column":35}},{"start":{"line":27,"column":6},"end":{"line":31,"column":16}}],"line":26},"3":{"loc":{"start":{"line":33,"column":7},"end":{"line":38,"column":7}},"type":"binary-expr","locations":[{"start":{"line":33,"column":8},"end":{"line":33,"column":36}},{"start":{"line":34,"column":6},"end":{"line":37,"column":16}}],"line":33},"4":{"loc":{"start":{"line":39,"column":7},"end":{"line":44,"column":7}},"type":"binary-expr","locations":[{"start":{"line":39,"column":8},"end":{"line":39,"column":36}},{"start":{"line":40,"column":6},"end":{"line":43,"column":16}}],"line":39},"5":{"loc":{"start":{"line":45,"column":7},"end":{"line":51,"column":7}},"type":"binary-expr","locations":[{"start":{"line":45,"column":8},"end":{"line":45,"column":34}},{"start":{"line":46,"column":6},"end":{"line":50,"column":16}}],"line":45}},"s":{"0":0,"1":0,"2":1,"3":1,"4":1,"5":0,"6":1,"7":1},"f":{"0":0,"1":0},"b":{"0":[0,0],"1":[0,0],"2":[0,0],"3":[0,0],"4":[0,0],"5":[0,0]},"_coverageSchema":"1a1c01bbd47fc00a2c39e90264f33305004495a9","hash":"6c2a27c8d0568372ddb1849f57d39ec95737c70b"}
,"/Users/malcolmkam/Hack Reactor/FEC_D-ARRAY_QUEENS/src/components/review/Characteristics.jsx": {"path":"/Users/malcolmkam/Hack Reactor/FEC_D-ARRAY_QUEENS/src/components/review/Characteristics.jsx","statementMap":{"0":{"start":{"line":8,"column":21},"end":{"line":8,"column":26}},"1":{"start":{"line":10,"column":21},"end":{"line":12,"column":1}},"2":{"start":{"line":14,"column":18},"end":{"line":16,"column":1}},"3":{"start":{"line":18,"column":17},"end":{"line":21,"column":1}},"4":{"start":{"line":23,"column":16},"end":{"line":26,"column":1}},"5":{"start":{"line":29,"column":50},"end":{"line":29,"column":75}},"6":{"start":{"line":31,"column":26},"end":{"line":109,"column":3}},"7":{"start":{"line":32,"column":26},"end":{"line":32,"column":38}},"8":{"start":{"line":33,"column":4},"end":{"line":47,"column":5}},"9":{"start":{"line":34,"column":6},"end":{"line":46,"column":7}},"10":{"start":{"line":35,"column":8},"end":{"line":35,"column":48}},"11":{"start":{"line":36,"column":13},"end":{"line":46,"column":7}},"12":{"start":{"line":37,"column":8},"end":{"line":37,"column":42}},"13":{"start":{"line":38,"column":13},"end":{"line":46,"column":7}},"14":{"start":{"line":39,"column":8},"end":{"line":39,"column":45}},"15":{"start":{"line":40,"column":13},"end":{"line":46,"column":7}},"16":{"start":{"line":41,"column":8},"end":{"line":41,"column":36}},"17":{"start":{"line":42,"column":13},"end":{"line":46,"column":7}},"18":{"start":{"line":43,"column":8},"end":{"line":43,"column":42}},"19":{"start":{"line":44,"column":13},"end":{"line":46,"column":7}},"20":{"start":{"line":45,"column":8},"end":{"line":45,"column":42}},"21":{"start":{"line":48,"column":4},"end":{"line":62,"column":5}},"22":{"start":{"line":49,"column":6},"end":{"line":61,"column":7}},"23":{"start":{"line":50,"column":8},"end":{"line":50,"column":50}},"24":{"start":{"line":51,"column":13},"end":{"line":61,"column":7}},"25":{"start":{"line":52,"column":8},"end":{"line":52,"column":47}},"26":{"start":{"line":53,"column":13},"end":{"line":61,"column":7}},"27":{"start":{"line":54,"column":8},"end":{"line":54,"column":54}},"28":{"start":{"line":55,"column":13},"end":{"line":61,"column":7}},"29":{"start":{"line":56,"column":8},"end":{"line":56,"column":45}},"30":{"start":{"line":57,"column":13},"end":{"line":61,"column":7}},"31":{"start":{"line":58,"column":8},"end":{"line":58,"column":51}},"32":{"start":{"line":59,"column":13},"end":{"line":61,"column":7}},"33":{"start":{"line":60,"column":8},"end":{"line":60,"column":51}},"34":{"start":{"line":63,"column":4},"end":{"line":77,"column":5}},"35":{"start":{"line":64,"column":6},"end":{"line":76,"column":7}},"36":{"start":{"line":65,"column":8},"end":{"line":65,"column":39}},"37":{"start":{"line":66,"column":13},"end":{"line":76,"column":7}},"38":{"start":{"line":67,"column":8},"end":{"line":67,"column":39}},"39":{"start":{"line":68,"column":13},"end":{"line":76,"column":7}},"40":{"start":{"line":69,"column":8},"end":{"line":69,"column":34}},"41":{"start":{"line":70,"column":13},"end":{"line":76,"column":7}},"42":{"start":{"line":71,"column":8},"end":{"line":71,"column":47}},"43":{"start":{"line":72,"column":13},"end":{"line":76,"column":7}},"44":{"start":{"line":73,"column":8},"end":{"line":73,"column":39}},"45":{"start":{"line":74,"column":13},"end":{"line":76,"column":7}},"46":{"start":{"line":75,"column":8},"end":{"line":75,"column":39}},"47":{"start":{"line":78,"column":4},"end":{"line":92,"column":5}},"48":{"start":{"line":79,"column":6},"end":{"line":91,"column":7}},"49":{"start":{"line":80,"column":8},"end":{"line":80,"column":48}},"50":{"start":{"line":81,"column":13},"end":{"line":91,"column":7}},"51":{"start":{"line":82,"column":8},"end":{"line":82,"column":45}},"52":{"start":{"line":83,"column":13},"end":{"line":91,"column":7}},"53":{"start":{"line":84,"column":8},"end":{"line":84,"column":43}},"54":{"start":{"line":85,"column":13},"end":{"line":91,"column":7}},"55":{"start":{"line":86,"column":8},"end":{"line":86,"column":44}},"56":{"start":{"line":87,"column":13},"end":{"line":91,"column":7}},"57":{"start":{"line":88,"column":8},"end":{"line":88,"column":50}},"58":{"start":{"line":89,"column":13},"end":{"line":91,"column":7}},"59":{"start":{"line":90,"column":8},"end":{"line":90,"column":50}},"60":{"start":{"line":93,"column":4},"end":{"line":107,"column":5}},"61":{"start":{"line":94,"column":6},"end":{"line":106,"column":7}},"62":{"start":{"line":95,"column":8},"end":{"line":95,"column":47}},"63":{"start":{"line":96,"column":13},"end":{"line":106,"column":7}},"64":{"start":{"line":97,"column":8},"end":{"line":97,"column":40}},"65":{"start":{"line":98,"column":13},"end":{"line":106,"column":7}},"66":{"start":{"line":99,"column":8},"end":{"line":99,"column":39}},"67":{"start":{"line":100,"column":13},"end":{"line":106,"column":7}},"68":{"start":{"line":101,"column":8},"end":{"line":101,"column":39}},"69":{"start":{"line":102,"column":13},"end":{"line":106,"column":7}},"70":{"start":{"line":103,"column":8},"end":{"line":103,"column":41}},"71":{"start":{"line":104,"column":13},"end":{"line":106,"column":7}},"72":{"start":{"line":105,"column":8},"end":{"line":105,"column":41}},"73":{"start":{"line":108,"column":4},"end":{"line":108,"column":81}},"74":{"start":{"line":108,"column":37},"end":{"line":108,"column":78}},"75":{"start":{"line":111,"column":2},"end":{"line":165,"column":4}}},"fnMap":{"0":{"name":"Characteristics","decl":{"start":{"line":28,"column":9},"end":{"line":28,"column":24}},"loc":{"start":{"line":28,"column":61},"end":{"line":166,"column":1}},"line":28},"1":{"name":"(anonymous_1)","decl":{"start":{"line":31,"column":26},"end":{"line":31,"column":27}},"loc":{"start":{"line":31,"column":37},"end":{"line":109,"column":3}},"line":31},"2":{"name":"(anonymous_2)","decl":{"start":{"line":108,"column":23},"end":{"line":108,"column":24}},"loc":{"start":{"line":108,"column":37},"end":{"line":108,"column":78}},"line":108}},"branchMap":{"0":{"loc":{"start":{"line":33,"column":4},"end":{"line":47,"column":5}},"type":"if","locations":[{"start":{"line":33,"column":4},"end":{"line":47,"column":5}},{"start":{},"end":{}}],"line":33},"1":{"loc":{"start":{"line":34,"column":6},"end":{"line":46,"column":7}},"type":"if","locations":[{"start":{"line":34,"column":6},"end":{"line":46,"column":7}},{"start":{"line":36,"column":13},"end":{"line":46,"column":7}}],"line":34},"2":{"loc":{"start":{"line":36,"column":13},"end":{"line":46,"column":7}},"type":"if","locations":[{"start":{"line":36,"column":13},"end":{"line":46,"column":7}},{"start":{"line":38,"column":13},"end":{"line":46,"column":7}}],"line":36},"3":{"loc":{"start":{"line":38,"column":13},"end":{"line":46,"column":7}},"type":"if","locations":[{"start":{"line":38,"column":13},"end":{"line":46,"column":7}},{"start":{"line":40,"column":13},"end":{"line":46,"column":7}}],"line":38},"4":{"loc":{"start":{"line":40,"column":13},"end":{"line":46,"column":7}},"type":"if","locations":[{"start":{"line":40,"column":13},"end":{"line":46,"column":7}},{"start":{"line":42,"column":13},"end":{"line":46,"column":7}}],"line":40},"5":{"loc":{"start":{"line":42,"column":13},"end":{"line":46,"column":7}},"type":"if","locations":[{"start":{"line":42,"column":13},"end":{"line":46,"column":7}},{"start":{"line":44,"column":13},"end":{"line":46,"column":7}}],"line":42},"6":{"loc":{"start":{"line":44,"column":13},"end":{"line":46,"column":7}},"type":"if","locations":[{"start":{"line":44,"column":13},"end":{"line":46,"column":7}},{"start":{},"end":{}}],"line":44},"7":{"loc":{"start":{"line":48,"column":4},"end":{"line":62,"column":5}},"type":"if","locations":[{"start":{"line":48,"column":4},"end":{"line":62,"column":5}},{"start":{},"end":{}}],"line":48},"8":{"loc":{"start":{"line":49,"column":6},"end":{"line":61,"column":7}},"type":"if","locations":[{"start":{"line":49,"column":6},"end":{"line":61,"column":7}},{"start":{"line":51,"column":13},"end":{"line":61,"column":7}}],"line":49},"9":{"loc":{"start":{"line":51,"column":13},"end":{"line":61,"column":7}},"type":"if","locations":[{"start":{"line":51,"column":13},"end":{"line":61,"column":7}},{"start":{"line":53,"column":13},"end":{"line":61,"column":7}}],"line":51},"10":{"loc":{"start":{"line":53,"column":13},"end":{"line":61,"column":7}},"type":"if","locations":[{"start":{"line":53,"column":13},"end":{"line":61,"column":7}},{"start":{"line":55,"column":13},"end":{"line":61,"column":7}}],"line":53},"11":{"loc":{"start":{"line":55,"column":13},"end":{"line":61,"column":7}},"type":"if","locations":[{"start":{"line":55,"column":13},"end":{"line":61,"column":7}},{"start":{"line":57,"column":13},"end":{"line":61,"column":7}}],"line":55},"12":{"loc":{"start":{"line":57,"column":13},"end":{"line":61,"column":7}},"type":"if","locations":[{"start":{"line":57,"column":13},"end":{"line":61,"column":7}},{"start":{"line":59,"column":13},"end":{"line":61,"column":7}}],"line":57},"13":{"loc":{"start":{"line":59,"column":13},"end":{"line":61,"column":7}},"type":"if","locations":[{"start":{"line":59,"column":13},"end":{"line":61,"column":7}},{"start":{},"end":{}}],"line":59},"14":{"loc":{"start":{"line":63,"column":4},"end":{"line":77,"column":5}},"type":"if","locations":[{"start":{"line":63,"column":4},"end":{"line":77,"column":5}},{"start":{},"end":{}}],"line":63},"15":{"loc":{"start":{"line":64,"column":6},"end":{"line":76,"column":7}},"type":"if","locations":[{"start":{"line":64,"column":6},"end":{"line":76,"column":7}},{"start":{"line":66,"column":13},"end":{"line":76,"column":7}}],"line":64},"16":{"loc":{"start":{"line":66,"column":13},"end":{"line":76,"column":7}},"type":"if","locations":[{"start":{"line":66,"column":13},"end":{"line":76,"column":7}},{"start":{"line":68,"column":13},"end":{"line":76,"column":7}}],"line":66},"17":{"loc":{"start":{"line":68,"column":13},"end":{"line":76,"column":7}},"type":"if","locations":[{"start":{"line":68,"column":13},"end":{"line":76,"column":7}},{"start":{"line":70,"column":13},"end":{"line":76,"column":7}}],"line":68},"18":{"loc":{"start":{"line":70,"column":13},"end":{"line":76,"column":7}},"type":"if","locations":[{"start":{"line":70,"column":13},"end":{"line":76,"column":7}},{"start":{"line":72,"column":13},"end":{"line":76,"column":7}}],"line":70},"19":{"loc":{"start":{"line":72,"column":13},"end":{"line":76,"column":7}},"type":"if","locations":[{"start":{"line":72,"column":13},"end":{"line":76,"column":7}},{"start":{"line":74,"column":13},"end":{"line":76,"column":7}}],"line":72},"20":{"loc":{"start":{"line":74,"column":13},"end":{"line":76,"column":7}},"type":"if","locations":[{"start":{"line":74,"column":13},"end":{"line":76,"column":7}},{"start":{},"end":{}}],"line":74},"21":{"loc":{"start":{"line":78,"column":4},"end":{"line":92,"column":5}},"type":"if","locations":[{"start":{"line":78,"column":4},"end":{"line":92,"column":5}},{"start":{},"end":{}}],"line":78},"22":{"loc":{"start":{"line":79,"column":6},"end":{"line":91,"column":7}},"type":"if","locations":[{"start":{"line":79,"column":6},"end":{"line":91,"column":7}},{"start":{"line":81,"column":13},"end":{"line":91,"column":7}}],"line":79},"23":{"loc":{"start":{"line":81,"column":13},"end":{"line":91,"column":7}},"type":"if","locations":[{"start":{"line":81,"column":13},"end":{"line":91,"column":7}},{"start":{"line":83,"column":13},"end":{"line":91,"column":7}}],"line":81},"24":{"loc":{"start":{"line":83,"column":13},"end":{"line":91,"column":7}},"type":"if","locations":[{"start":{"line":83,"column":13},"end":{"line":91,"column":7}},{"start":{"line":85,"column":13},"end":{"line":91,"column":7}}],"line":83},"25":{"loc":{"start":{"line":85,"column":13},"end":{"line":91,"column":7}},"type":"if","locations":[{"start":{"line":85,"column":13},"end":{"line":91,"column":7}},{"start":{"line":87,"column":13},"end":{"line":91,"column":7}}],"line":85},"26":{"loc":{"start":{"line":87,"column":13},"end":{"line":91,"column":7}},"type":"if","locations":[{"start":{"line":87,"column":13},"end":{"line":91,"column":7}},{"start":{"line":89,"column":13},"end":{"line":91,"column":7}}],"line":87},"27":{"loc":{"start":{"line":89,"column":13},"end":{"line":91,"column":7}},"type":"if","locations":[{"start":{"line":89,"column":13},"end":{"line":91,"column":7}},{"start":{},"end":{}}],"line":89},"28":{"loc":{"start":{"line":93,"column":4},"end":{"line":107,"column":5}},"type":"if","locations":[{"start":{"line":93,"column":4},"end":{"line":107,"column":5}},{"start":{},"end":{}}],"line":93},"29":{"loc":{"start":{"line":94,"column":6},"end":{"line":106,"column":7}},"type":"if","locations":[{"start":{"line":94,"column":6},"end":{"line":106,"column":7}},{"start":{"line":96,"column":13},"end":{"line":106,"column":7}}],"line":94},"30":{"loc":{"start":{"line":96,"column":13},"end":{"line":106,"column":7}},"type":"if","locations":[{"start":{"line":96,"column":13},"end":{"line":106,"column":7}},{"start":{"line":98,"column":13},"end":{"line":106,"column":7}}],"line":96},"31":{"loc":{"start":{"line":98,"column":13},"end":{"line":106,"column":7}},"type":"if","locations":[{"start":{"line":98,"column":13},"end":{"line":106,"column":7}},{"start":{"line":100,"column":13},"end":{"line":106,"column":7}}],"line":98},"32":{"loc":{"start":{"line":100,"column":13},"end":{"line":106,"column":7}},"type":"if","locations":[{"start":{"line":100,"column":13},"end":{"line":106,"column":7}},{"start":{"line":102,"column":13},"end":{"line":106,"column":7}}],"line":100},"33":{"loc":{"start":{"line":102,"column":13},"end":{"line":106,"column":7}},"type":"if","locations":[{"start":{"line":102,"column":13},"end":{"line":106,"column":7}},{"start":{"line":104,"column":13},"end":{"line":106,"column":7}}],"line":102},"34":{"loc":{"start":{"line":104,"column":13},"end":{"line":106,"column":7}},"type":"if","locations":[{"start":{"line":104,"column":13},"end":{"line":106,"column":7}},{"start":{},"end":{}}],"line":104},"35":{"loc":{"start":{"line":129,"column":17},"end":{"line":134,"column":79}},"type":"cond-expr","locations":[{"start":{"line":129,"column":38},"end":{"line":129,"column":67}},{"start":{"line":130,"column":20},"end":{"line":134,"column":79}}],"line":129},"36":{"loc":{"start":{"line":130,"column":20},"end":{"line":134,"column":79}},"type":"cond-expr","locations":[{"start":{"line":130,"column":42},"end":{"line":130,"column":65}},{"start":{"line":131,"column":22},"end":{"line":134,"column":79}}],"line":130},"37":{"loc":{"start":{"line":131,"column":22},"end":{"line":134,"column":79}},"type":"cond-expr","locations":[{"start":{"line":131,"column":46},"end":{"line":131,"column":72}},{"start":{"line":132,"column":24},"end":{"line":134,"column":79}}],"line":131},"38":{"loc":{"start":{"line":132,"column":24},"end":{"line":134,"column":79}},"type":"cond-expr","locations":[{"start":{"line":132,"column":48},"end":{"line":132,"column":65}},{"start":{"line":133,"column":26},"end":{"line":134,"column":79}}],"line":132},"39":{"loc":{"start":{"line":133,"column":26},"end":{"line":134,"column":79}},"type":"cond-expr","locations":[{"start":{"line":133,"column":49},"end":{"line":133,"column":72}},{"start":{"line":134,"column":28},"end":{"line":134,"column":79}}],"line":133},"40":{"loc":{"start":{"line":134,"column":28},"end":{"line":134,"column":79}},"type":"cond-expr","locations":[{"start":{"line":134,"column":48},"end":{"line":134,"column":71}},{"start":{"line":134,"column":75},"end":{"line":134,"column":79}}],"line":134},"41":{"loc":{"start":{"line":153,"column":17},"end":{"line":158,"column":78}},"type":"cond-expr","locations":[{"start":{"line":153,"column":38},"end":{"line":153,"column":66}},{"start":{"line":154,"column":20},"end":{"line":158,"column":78}}],"line":153},"42":{"loc":{"start":{"line":154,"column":20},"end":{"line":158,"column":78}},"type":"cond-expr","locations":[{"start":{"line":154,"column":42},"end":{"line":154,"column":63}},{"start":{"line":155,"column":22},"end":{"line":158,"column":78}}],"line":154},"43":{"loc":{"start":{"line":155,"column":22},"end":{"line":158,"column":78}},"type":"cond-expr","locations":[{"start":{"line":155,"column":46},"end":{"line":155,"column":66}},{"start":{"line":156,"column":24},"end":{"line":158,"column":78}}],"line":155},"44":{"loc":{"start":{"line":156,"column":24},"end":{"line":158,"column":78}},"type":"cond-expr","locations":[{"start":{"line":156,"column":48},"end":{"line":156,"column":68}},{"start":{"line":157,"column":26},"end":{"line":158,"column":78}}],"line":156},"45":{"loc":{"start":{"line":157,"column":26},"end":{"line":158,"column":78}},"type":"cond-expr","locations":[{"start":{"line":157,"column":49},"end":{"line":157,"column":71}},{"start":{"line":158,"column":28},"end":{"line":158,"column":78}}],"line":157},"46":{"loc":{"start":{"line":158,"column":28},"end":{"line":158,"column":78}},"type":"cond-expr","locations":[{"start":{"line":158,"column":48},"end":{"line":158,"column":70}},{"start":{"line":158,"column":74},"end":{"line":158,"column":78}}],"line":158}},"s":{"0":1,"1":1,"2":1,"3":1,"4":1,"5":0,"6":0,"7":0,"8":0,"9":0,"10":0,"11":0,"12":0,"13":0,"14":0,"15":0,"16":0,"17":0,"18":0,"19":0,"20":0,"21":0,"22":0,"23":0,"24":0,"25":0,"26":0,"27":0,"28":0,"29":0,"30":0,"31":0,"32":0,"33":0,"34":0,"35":0,"36":0,"37":0,"38":0,"39":0,"40":0,"41":0,"42":0,"43":0,"44":0,"45":0,"46":0,"47":0,"48":0,"49":0,"50":0,"51":0,"52":0,"53":0,"54":0,"55":0,"56":0,"57":0,"58":0,"59":0,"60":0,"61":0,"62":0,"63":0,"64":0,"65":0,"66":0,"67":0,"68":0,"69":0,"70":0,"71":0,"72":0,"73":0,"74":0,"75":0},"f":{"0":0,"1":0,"2":0},"b":{"0":[0,0],"1":[0,0],"2":[0,0],"3":[0,0],"4":[0,0],"5":[0,0],"6":[0,0],"7":[0,0],"8":[0,0],"9":[0,0],"10":[0,0],"11":[0,0],"12":[0,0],"13":[0,0],"14":[0,0],"15":[0,0],"16":[0,0],"17":[0,0],"18":[0,0],"19":[0,0],"20":[0,0],"21":[0,0],"22":[0,0],"23":[0,0],"24":[0,0],"25":[0,0],"26":[0,0],"27":[0,0],"28":[0,0],"29":[0,0],"30":[0,0],"31":[0,0],"32":[0,0],"33":[0,0],"34":[0,0],"35":[0,0],"36":[0,0],"37":[0,0],"38":[0,0],"39":[0,0],"40":[0,0],"41":[0,0],"42":[0,0],"43":[0,0],"44":[0,0],"45":[0,0],"46":[0,0]},"_coverageSchema":"1a1c01bbd47fc00a2c39e90264f33305004495a9","hash":"952fa38013136066ee09a3832164dba5368b1852"}
,"/Users/malcolmkam/Hack Reactor/FEC_D-ARRAY_QUEENS/src/components/review/FormStars.jsx": {"path":"/Users/malcolmkam/Hack Reactor/FEC_D-ARRAY_QUEENS/src/components/review/FormStars.jsx","statementMap":{"0":{"start":{"line":5,"column":20},"end":{"line":9,"column":1}},"1":{"start":{"line":11,"column":19},"end":{"line":16,"column":1}},"2":{"start":{"line":19,"column":22},"end":{"line":21,"column":3}},"3":{"start":{"line":20,"column":4},"end":{"line":20,"column":21}},"4":{"start":{"line":23,"column":2},"end":{"line":23,"column":125}},"5":{"start":{"line":27,"column":2},"end":{"line":33,"column":4}},"6":{"start":{"line":30,"column":8},"end":{"line":30,"column":97}}},"fnMap":{"0":{"name":"ClickableStar","decl":{"start":{"line":18,"column":9},"end":{"line":18,"column":22}},"loc":{"start":{"line":18,"column":53},"end":{"line":24,"column":1}},"line":18},"1":{"name":"(anonymous_1)","decl":{"start":{"line":19,"column":22},"end":{"line":19,"column":23}},"loc":{"start":{"line":19,"column":28},"end":{"line":21,"column":3}},"line":19},"2":{"name":"FormStars","decl":{"start":{"line":26,"column":9},"end":{"line":26,"column":18}},"loc":{"start":{"line":26,"column":50},"end":{"line":34,"column":1}},"line":26},"3":{"name":"(anonymous_3)","decl":{"start":{"line":29,"column":27},"end":{"line":29,"column":28}},"loc":{"start":{"line":30,"column":8},"end":{"line":30,"column":97}},"line":30}},"branchMap":{"0":{"loc":{"start":{"line":23,"column":59},"end":{"line":23,"column":118}},"type":"cond-expr","locations":[{"start":{"line":23,"column":77},"end":{"line":23,"column":95}},{"start":{"line":23,"column":98},"end":{"line":23,"column":118}}],"line":23}},"s":{"0":1,"1":1,"2":0,"3":0,"4":0,"5":0,"6":0},"f":{"0":0,"1":0,"2":0,"3":0},"b":{"0":[0,0]},"_coverageSchema":"1a1c01bbd47fc00a2c39e90264f33305004495a9","hash":"e09c95173d6844c9868a89e458befbb2234c99c5"}
,"/Users/malcolmkam/Hack Reactor/FEC_D-ARRAY_QUEENS/src/components/review/HelpfulButton.jsx": {"path":"/Users/malcolmkam/Hack Reactor/FEC_D-ARRAY_QUEENS/src/components/review/HelpfulButton.jsx","statementMap":{"0":{"start":{"line":6,"column":24},"end":{"line":22,"column":1}},"1":{"start":{"line":9,"column":4},"end":{"line":11,"column":5}},"2":{"start":{"line":10,"column":6},"end":{"line":10,"column":20}},"3":{"start":{"line":12,"column":4},"end":{"line":12,"column":20}},"4":{"start":{"line":25,"column":36},"end":{"line":25,"column":50}},"5":{"start":{"line":26,"column":50},"end":{"line":26,"column":97}},"6":{"start":{"line":27,"column":32},"end":{"line":27,"column":47}},"7":{"start":{"line":29,"column":2},"end":{"line":33,"column":14}},"8":{"start":{"line":30,"column":4},"end":{"line":32,"column":5}},"9":{"start":{"line":31,"column":6},"end":{"line":31,"column":26}},"10":{"start":{"line":35,"column":24},"end":{"line":46,"column":3}},"11":{"start":{"line":36,"column":4},"end":{"line":45,"column":5}},"12":{"start":{"line":37,"column":6},"end":{"line":44,"column":11}},"13":{"start":{"line":39,"column":10},"end":{"line":39,"column":27}},"14":{"start":{"line":40,"column":10},"end":{"line":40,"column":52}},"15":{"start":{"line":43,"column":10},"end":{"line":43,"column":29}},"16":{"start":{"line":48,"column":2},"end":{"line":58,"column":7}}},"fnMap":{"0":{"name":"(anonymous_0)","decl":{"start":{"line":8,"column":15},"end":{"line":8,"column":16}},"loc":{"start":{"line":8,"column":26},"end":{"line":13,"column":3}},"line":8},"1":{"name":"HelpfulButton","decl":{"start":{"line":24,"column":9},"end":{"line":24,"column":22}},"loc":{"start":{"line":24,"column":34},"end":{"line":59,"column":1}},"line":24},"2":{"name":"(anonymous_2)","decl":{"start":{"line":29,"column":12},"end":{"line":29,"column":13}},"loc":{"start":{"line":29,"column":18},"end":{"line":33,"column":3}},"line":29},"3":{"name":"(anonymous_3)","decl":{"start":{"line":35,"column":24},"end":{"line":35,"column":25}},"loc":{"start":{"line":35,"column":36},"end":{"line":46,"column":3}},"line":35},"4":{"name":"(anonymous_4)","decl":{"start":{"line":38,"column":14},"end":{"line":38,"column":15}},"loc":{"start":{"line":38,"column":20},"end":{"line":41,"column":9}},"line":38},"5":{"name":"(anonymous_5)","decl":{"start":{"line":42,"column":15},"end":{"line":42,"column":16}},"loc":{"start":{"line":42,"column":24},"end":{"line":44,"column":9}},"line":42}},"branchMap":{"0":{"loc":{"start":{"line":9,"column":4},"end":{"line":11,"column":5}},"type":"if","locations":[{"start":{"line":9,"column":4},"end":{"line":11,"column":5}},{"start":{},"end":{}}],"line":9},"1":{"loc":{"start":{"line":26,"column":59},"end":{"line":26,"column":96}},"type":"cond-expr","locations":[{"start":{"line":26,"column":67},"end":{"line":26,"column":84}},{"start":{"line":26,"column":87},"end":{"line":26,"column":96}}],"line":26},"2":{"loc":{"start":{"line":30,"column":4},"end":{"line":32,"column":5}},"type":"if","locations":[{"start":{"line":30,"column":4},"end":{"line":32,"column":5}},{"start":{},"end":{}}],"line":30},"3":{"loc":{"start":{"line":36,"column":4},"end":{"line":45,"column":5}},"type":"if","locations":[{"start":{"line":36,"column":4},"end":{"line":45,"column":5}},{"start":{},"end":{}}],"line":36},"4":{"loc":{"start":{"line":49,"column":5},"end":{"line":57,"column":7}},"type":"cond-expr","locations":[{"start":{"line":50,"column":9},"end":{"line":50,"column":30}},{"start":{"line":52,"column":8},"end":{"line":56,"column":26}}],"line":49}},"s":{"0":1,"1":13,"2":0,"3":13,"4":24,"5":24,"6":24,"7":24,"8":11,"9":11,"10":24,"11":0,"12":0,"13":0,"14":0,"15":0,"16":24},"f":{"0":13,"1":24,"2":11,"3":0,"4":0,"5":0},"b":{"0":[0,13],"1":[24,0],"2":[11,0],"3":[0,0],"4":[11,13]},"_coverageSchema":"1a1c01bbd47fc00a2c39e90264f33305004495a9","hash":"e4dd33253215e36ba10c62980e9ef7c6bdb255c5"}
,"/Users/malcolmkam/Hack Reactor/FEC_D-ARRAY_QUEENS/src/components/review/Modal.jsx": {"path":"/Users/malcolmkam/Hack Reactor/FEC_D-ARRAY_QUEENS/src/components/review/Modal.jsx","statementMap":{"0":{"start":{"line":4,"column":23},"end":{"line":15,"column":1}},"1":{"start":{"line":17,"column":21},"end":{"line":25,"column":1}},"2":{"start":{"line":27,"column":20},"end":{"line":36,"column":1}},"3":{"start":{"line":39,"column":2},"end":{"line":46,"column":4}}},"fnMap":{"0":{"name":"Modal","decl":{"start":{"line":38,"column":9},"end":{"line":38,"column":14}},"loc":{"start":{"line":38,"column":38},"end":{"line":47,"column":1}},"line":38}},"branchMap":{},"s":{"0":1,"1":1,"2":1,"3":1},"f":{"0":1},"b":{},"_coverageSchema":"1a1c01bbd47fc00a2c39e90264f33305004495a9","hash":"a5a1ab14a654dd02d9e48442abfc694192388d64"}
,"/Users/malcolmkam/Hack Reactor/FEC_D-ARRAY_QUEENS/src/components/review/Review.jsx": {"path":"/Users/malcolmkam/Hack Reactor/FEC_D-ARRAY_QUEENS/src/components/review/Review.jsx","statementMap":{"0":{"start":{"line":13,"column":21},"end":{"line":13,"column":26}},"1":{"start":{"line":16,"column":38},"end":{"line":16,"column":52}},"2":{"start":{"line":17,"column":46},"end":{"line":17,"column":61}},"3":{"start":{"line":19,"column":21},"end":{"line":21,"column":3}},"4":{"start":{"line":20,"column":4},"end":{"line":20,"column":25}},"5":{"start":{"line":23,"column":20},"end":{"line":25,"column":3}},"6":{"start":{"line":24,"column":4},"end":{"line":24,"column":24}},"7":{"start":{"line":27,"column":25},"end":{"line":29,"column":3}},"8":{"start":{"line":28,"column":4},"end":{"line":28,"column":28}},"9":{"start":{"line":31,"column":2},"end":{"line":73,"column":4}},"10":{"start":{"line":57,"column":10},"end":{"line":59,"column":22}},"11":{"start":{"line":57,"column":53},"end":{"line":57,"column":71}},"12":{"start":{"line":76,"column":18},"end":{"line":86,"column":1}},"13":{"start":{"line":88,"column":18},"end":{"line":91,"column":1}},"14":{"start":{"line":93,"column":18},"end":{"line":95,"column":1}},"15":{"start":{"line":97,"column":17},"end":{"line":99,"column":1}},"16":{"start":{"line":101,"column":18},"end":{"line":103,"column":1}},"17":{"start":{"line":105,"column":21},"end":{"line":108,"column":1}},"18":{"start":{"line":110,"column":17},"end":{"line":113,"column":1}}},"fnMap":{"0":{"name":"Review","decl":{"start":{"line":15,"column":9},"end":{"line":15,"column":15}},"loc":{"start":{"line":15,"column":27},"end":{"line":74,"column":1}},"line":15},"1":{"name":"(anonymous_1)","decl":{"start":{"line":19,"column":21},"end":{"line":19,"column":22}},"loc":{"start":{"line":19,"column":32},"end":{"line":21,"column":3}},"line":19},"2":{"name":"(anonymous_2)","decl":{"start":{"line":23,"column":20},"end":{"line":23,"column":21}},"loc":{"start":{"line":23,"column":26},"end":{"line":25,"column":3}},"line":23},"3":{"name":"(anonymous_3)","decl":{"start":{"line":27,"column":25},"end":{"line":27,"column":26}},"loc":{"start":{"line":27,"column":31},"end":{"line":29,"column":3}},"line":27},"4":{"name":"(anonymous_4)","decl":{"start":{"line":56,"column":26},"end":{"line":56,"column":27}},"loc":{"start":{"line":57,"column":10},"end":{"line":59,"column":22}},"line":57},"5":{"name":"(anonymous_5)","decl":{"start":{"line":57,"column":45},"end":{"line":57,"column":46}},"loc":{"start":{"line":57,"column":51},"end":{"line":57,"column":73}},"line":57}},"branchMap":{"0":{"loc":{"start":{"line":50,"column":19},"end":{"line":50,"column":73}},"type":"cond-expr","locations":[{"start":{"line":50,"column":36},"end":{"line":50,"column":46}},{"start":{"line":50,"column":49},"end":{"line":50,"column":73}}],"line":50},"1":{"loc":{"start":{"line":51,"column":9},"end":{"line":53,"column":9}},"type":"binary-expr","locations":[{"start":{"line":51,"column":9},"end":{"line":51,"column":24}},{"start":{"line":51,"column":28},"end":{"line":51,"column":51}},{"start":{"line":52,"column":10},"end":{"line":52,"column":73}}],"line":51},"2":{"loc":{"start":{"line":62,"column":7},"end":{"line":62,"column":72}},"type":"binary-expr","locations":[{"start":{"line":62,"column":7},"end":{"line":62,"column":17}},{"start":{"line":62,"column":21},"end":{"line":62,"column":72}}],"line":62},"3":{"loc":{"start":{"line":63,"column":7},"end":{"line":70,"column":17}},"type":"cond-expr","locations":[{"start":{"line":65,"column":10},"end":{"line":68,"column":16}},{"start":{"line":70,"column":10},"end":{"line":70,"column":17}}],"line":63}},"s":{"0":1,"1":13,"2":13,"3":13,"4":1,"5":13,"6":0,"7":13,"8":1,"9":13,"10":12,"11":1,"12":1,"13":1,"14":1,"15":1,"16":1,"17":1,"18":1},"f":{"0":13,"1":1,"2":0,"3":1,"4":12,"5":1},"b":{"0":[1,12],"1":[13,12,12],"2":[13,1],"3":[12,1]},"_coverageSchema":"1a1c01bbd47fc00a2c39e90264f33305004495a9","hash":"60a90800a14b24c4ad045e04ca87aeb431a6e9cb"}
,"/Users/malcolmkam/Hack Reactor/FEC_D-ARRAY_QUEENS/src/components/review/ReviewForm.jsx": {"path":"/Users/malcolmkam/Hack Reactor/FEC_D-ARRAY_QUEENS/src/components/review/ReviewForm.jsx","statementMap":{"0":{"start":{"line":10,"column":21},"end":{"line":10,"column":26}},"1":{"start":{"line":12,"column":23},"end":{"line":23,"column":1}},"2":{"start":{"line":25,"column":21},"end":{"line":42,"column":1}},"3":{"start":{"line":44,"column":16},"end":{"line":49,"column":1}},"4":{"start":{"line":51,"column":20},"end":{"line":63,"column":1}},"5":{"start":{"line":65,"column":16},"end":{"line":68,"column":1}},"6":{"start":{"line":70,"column":21},"end":{"line":72,"column":1}},"7":{"start":{"line":74,"column":20},"end":{"line":76,"column":1}},"8":{"start":{"line":81,"column":30},"end":{"line":81,"column":44}},"9":{"start":{"line":82,"column":32},"end":{"line":82,"column":44}},"10":{"start":{"line":83,"column":26},"end":{"line":83,"column":38}},"11":{"start":{"line":84,"column":54},"end":{"line":84,"column":65}},"12":{"start":{"line":85,"column":36},"end":{"line":85,"column":50}},"13":{"start":{"line":86,"column":26},"end":{"line":86,"column":38}},"14":{"start":{"line":87,"column":28},"end":{"line":87,"column":40}},"15":{"start":{"line":88,"column":30},"end":{"line":88,"column":42}},"16":{"start":{"line":89,"column":48},"end":{"line":89,"column":60}},"17":{"start":{"line":91,"column":32},"end":{"line":94,"column":3}},"18":{"start":{"line":92,"column":22},"end":{"line":92,"column":34}},"19":{"start":{"line":93,"column":4},"end":{"line":93,"column":34}},"20":{"start":{"line":96,"column":27},"end":{"line":100,"column":3}},"21":{"start":{"line":97,"column":23},"end":{"line":97,"column":41}},"22":{"start":{"line":98,"column":4},"end":{"line":98,"column":24}},"23":{"start":{"line":99,"column":4},"end":{"line":99,"column":45}},"24":{"start":{"line":102,"column":27},"end":{"line":126,"column":3}},"25":{"start":{"line":103,"column":18},"end":{"line":103,"column":60}},"26":{"start":{"line":104,"column":21},"end":{"line":104,"column":35}},"27":{"start":{"line":105,"column":4},"end":{"line":107,"column":7}},"28":{"start":{"line":106,"column":6},"end":{"line":106,"column":38}},"29":{"start":{"line":109,"column":4},"end":{"line":125,"column":5}},"30":{"start":{"line":110,"column":23},"end":{"line":112,"column":8}},"31":{"start":{"line":113,"column":29},"end":{"line":113,"column":47}},"32":{"start":{"line":115,"column":6},"end":{"line":118,"column":7}},"33":{"start":{"line":116,"column":8},"end":{"line":116,"column":54}},"34":{"start":{"line":117,"column":8},"end":{"line":117,"column":15}},"35":{"start":{"line":120,"column":6},"end":{"line":122,"column":9}},"36":{"start":{"line":121,"column":8},"end":{"line":121,"column":58}},"37":{"start":{"line":121,"column":34},"end":{"line":121,"column":56}},"38":{"start":{"line":124,"column":6},"end":{"line":124,"column":53}},"39":{"start":{"line":128,"column":21},"end":{"line":154,"column":3}},"40":{"start":{"line":129,"column":4},"end":{"line":129,"column":27}},"41":{"start":{"line":130,"column":4},"end":{"line":133,"column":5}},"42":{"start":{"line":131,"column":6},"end":{"line":131,"column":38}},"43":{"start":{"line":132,"column":6},"end":{"line":132,"column":13}},"44":{"start":{"line":134,"column":4},"end":{"line":137,"column":5}},"45":{"start":{"line":135,"column":6},"end":{"line":135,"column":51}},"46":{"start":{"line":136,"column":6},"end":{"line":136,"column":13}},"47":{"start":{"line":138,"column":24},"end":{"line":148,"column":5}},"48":{"start":{"line":149,"column":4},"end":{"line":149,"column":29}},"49":{"start":{"line":151,"column":4},"end":{"line":151,"column":46}},"50":{"start":{"line":152,"column":4},"end":{"line":152,"column":25}},"51":{"start":{"line":153,"column":4},"end":{"line":153,"column":17}},"52":{"start":{"line":156,"column":2},"end":{"line":287,"column":4}},"53":{"start":{"line":195,"column":14},"end":{"line":200,"column":16}},"54":{"start":{"line":210,"column":31},"end":{"line":210,"column":57}},"55":{"start":{"line":245,"column":18},"end":{"line":245,"column":107}},"56":{"start":{"line":257,"column":33},"end":{"line":257,"column":56}},"57":{"start":{"line":274,"column":35},"end":{"line":274,"column":59}}},"fnMap":{"0":{"name":"ReviewForm","decl":{"start":{"line":78,"column":9},"end":{"line":78,"column":19}},"loc":{"start":{"line":80,"column":3},"end":{"line":288,"column":1}},"line":80},"1":{"name":"(anonymous_1)","decl":{"start":{"line":91,"column":32},"end":{"line":91,"column":33}},"loc":{"start":{"line":91,"column":43},"end":{"line":94,"column":3}},"line":91},"2":{"name":"(anonymous_2)","decl":{"start":{"line":96,"column":27},"end":{"line":96,"column":28}},"loc":{"start":{"line":96,"column":38},"end":{"line":100,"column":3}},"line":96},"3":{"name":"(anonymous_3)","decl":{"start":{"line":102,"column":27},"end":{"line":102,"column":28}},"loc":{"start":{"line":102,"column":44},"end":{"line":126,"column":3}},"line":102},"4":{"name":"(anonymous_4)","decl":{"start":{"line":105,"column":18},"end":{"line":105,"column":19}},"loc":{"start":{"line":105,"column":28},"end":{"line":107,"column":5}},"line":105},"5":{"name":"(anonymous_5)","decl":{"start":{"line":120,"column":29},"end":{"line":120,"column":30}},"loc":{"start":{"line":120,"column":40},"end":{"line":122,"column":7}},"line":120},"6":{"name":"(anonymous_6)","decl":{"start":{"line":121,"column":18},"end":{"line":121,"column":19}},"loc":{"start":{"line":121,"column":34},"end":{"line":121,"column":56}},"line":121},"7":{"name":"(anonymous_7)","decl":{"start":{"line":128,"column":21},"end":{"line":128,"column":22}},"loc":{"start":{"line":128,"column":38},"end":{"line":154,"column":3}},"line":128},"8":{"name":"(anonymous_8)","decl":{"start":{"line":194,"column":38},"end":{"line":194,"column":39}},"loc":{"start":{"line":195,"column":14},"end":{"line":200,"column":16}},"line":195},"9":{"name":"(anonymous_9)","decl":{"start":{"line":210,"column":24},"end":{"line":210,"column":25}},"loc":{"start":{"line":210,"column":31},"end":{"line":210,"column":57}},"line":210},"10":{"name":"(anonymous_10)","decl":{"start":{"line":244,"column":28},"end":{"line":244,"column":29}},"loc":{"start":{"line":245,"column":18},"end":{"line":245,"column":107}},"line":245},"11":{"name":"(anonymous_11)","decl":{"start":{"line":257,"column":26},"end":{"line":257,"column":27}},"loc":{"start":{"line":257,"column":33},"end":{"line":257,"column":56}},"line":257},"12":{"name":"(anonymous_12)","decl":{"start":{"line":274,"column":28},"end":{"line":274,"column":29}},"loc":{"start":{"line":274,"column":35},"end":{"line":274,"column":59}},"line":274}},"branchMap":{"0":{"loc":{"start":{"line":115,"column":6},"end":{"line":118,"column":7}},"type":"if","locations":[{"start":{"line":115,"column":6},"end":{"line":118,"column":7}},{"start":{},"end":{}}],"line":115},"1":{"loc":{"start":{"line":130,"column":4},"end":{"line":133,"column":5}},"type":"if","locations":[{"start":{"line":130,"column":4},"end":{"line":133,"column":5}},{"start":{},"end":{}}],"line":130},"2":{"loc":{"start":{"line":134,"column":4},"end":{"line":137,"column":5}},"type":"if","locations":[{"start":{"line":134,"column":4},"end":{"line":137,"column":5}},{"start":{},"end":{}}],"line":134},"3":{"loc":{"start":{"line":174,"column":15},"end":{"line":174,"column":54}},"type":"binary-expr","locations":[{"start":{"line":174,"column":15},"end":{"line":174,"column":27}},{"start":{"line":174,"column":31},"end":{"line":174,"column":54}}],"line":174},"4":{"loc":{"start":{"line":175,"column":15},"end":{"line":175,"column":54}},"type":"binary-expr","locations":[{"start":{"line":175,"column":15},"end":{"line":175,"column":27}},{"start":{"line":175,"column":31},"end":{"line":175,"column":54}}],"line":175},"5":{"loc":{"start":{"line":176,"column":15},"end":{"line":176,"column":57}},"type":"binary-expr","locations":[{"start":{"line":176,"column":15},"end":{"line":176,"column":27}},{"start":{"line":176,"column":31},"end":{"line":176,"column":57}}],"line":176},"6":{"loc":{"start":{"line":177,"column":15},"end":{"line":177,"column":54}},"type":"binary-expr","locations":[{"start":{"line":177,"column":15},"end":{"line":177,"column":27}},{"start":{"line":177,"column":31},"end":{"line":177,"column":54}}],"line":177},"7":{"loc":{"start":{"line":178,"column":15},"end":{"line":178,"column":55}},"type":"binary-expr","locations":[{"start":{"line":178,"column":15},"end":{"line":178,"column":27}},{"start":{"line":178,"column":31},"end":{"line":178,"column":55}}],"line":178},"8":{"loc":{"start":{"line":224,"column":15},"end":{"line":231,"column":15}},"type":"cond-expr","locations":[{"start":{"line":225,"column":16},"end":{"line":228,"column":23}},{"start":{"line":230,"column":16},"end":{"line":230,"column":44}}],"line":224},"9":{"loc":{"start":{"line":235,"column":15},"end":{"line":242,"column":15}},"type":"binary-expr","locations":[{"start":{"line":235,"column":15},"end":{"line":235,"column":32}},{"start":{"line":236,"column":16},"end":{"line":241,"column":18}}],"line":235}},"s":{"0":1,"1":1,"2":1,"3":1,"4":1,"5":1,"6":1,"7":1,"8":0,"9":0,"10":0,"11":0,"12":0,"13":0,"14":0,"15":0,"16":0,"17":0,"18":0,"19":0,"20":0,"21":0,"22":0,"23":0,"24":0,"25":0,"26":0,"27":0,"28":0,"29":0,"30":0,"31":0,"32":0,"33":0,"34":0,"35":0,"36":0,"37":0,"38":0,"39":0,"40":0,"41":0,"42":0,"43":0,"44":0,"45":0,"46":0,"47":0,"48":0,"49":0,"50":0,"51":0,"52":0,"53":0,"54":0,"55":0,"56":0,"57":0},"f":{"0":0,"1":0,"2":0,"3":0,"4":0,"5":0,"6":0,"7":0,"8":0,"9":0,"10":0,"11":0,"12":0},"b":{"0":[0,0],"1":[0,0],"2":[0,0],"3":[0,0],"4":[0,0],"5":[0,0],"6":[0,0],"7":[0,0],"8":[0,0],"9":[0,0]},"_coverageSchema":"1a1c01bbd47fc00a2c39e90264f33305004495a9","hash":"e6d99f330a5b101fd81de453e0c2984204d667c6"}
,"/Users/malcolmkam/Hack Reactor/FEC_D-ARRAY_QUEENS/src/components/review/ReviewList.jsx": {"path":"/Users/malcolmkam/Hack Reactor/FEC_D-ARRAY_QUEENS/src/components/review/ReviewList.jsx","statementMap":{"0":{"start":{"line":17,"column":32},"end":{"line":17,"column":37}},"1":{"start":{"line":20,"column":48},"end":{"line":20,"column":60}},"2":{"start":{"line":21,"column":48},"end":{"line":21,"column":59}},"3":{"start":{"line":22,"column":48},"end":{"line":22,"column":60}},"4":{"start":{"line":23,"column":40},"end":{"line":23,"column":54}},"5":{"start":{"line":24,"column":44},"end":{"line":24,"column":56}},"6":{"start":{"line":25,"column":28},"end":{"line":25,"column":39}},"7":{"start":{"line":26,"column":26},"end":{"line":26,"column":46}},"8":{"start":{"line":27,"column":32},"end":{"line":27,"column":46}},"9":{"start":{"line":28,"column":32},"end":{"line":28,"column":44}},"10":{"start":{"line":30,"column":2},"end":{"line":36,"column":23}},"11":{"start":{"line":31,"column":4},"end":{"line":31,"column":22}},"12":{"start":{"line":32,"column":4},"end":{"line":32,"column":27}},"13":{"start":{"line":33,"column":4},"end":{"line":33,"column":16}},"14":{"start":{"line":34,"column":4},"end":{"line":34,"column":26}},"15":{"start":{"line":35,"column":4},"end":{"line":35,"column":24}},"16":{"start":{"line":38,"column":2},"end":{"line":52,"column":45}},"17":{"start":{"line":39,"column":4},"end":{"line":51,"column":5}},"18":{"start":{"line":40,"column":24},"end":{"line":40,"column":41}},"19":{"start":{"line":41,"column":6},"end":{"line":50,"column":11}},"20":{"start":{"line":43,"column":10},"end":{"line":46,"column":11}},"21":{"start":{"line":44,"column":12},"end":{"line":44,"column":49}},"22":{"start":{"line":45,"column":12},"end":{"line":45,"column":52}},"23":{"start":{"line":45,"column":36},"end":{"line":45,"column":50}},"24":{"start":{"line":49,"column":10},"end":{"line":49,"column":53}},"25":{"start":{"line":54,"column":2},"end":{"line":56,"column":3}},"26":{"start":{"line":55,"column":4},"end":{"line":55,"column":40}},"27":{"start":{"line":58,"column":22},"end":{"line":60,"column":3}},"28":{"start":{"line":59,"column":4},"end":{"line":59,"column":39}},"29":{"start":{"line":62,"column":26},"end":{"line":64,"column":3}},"30":{"start":{"line":63,"column":4},"end":{"line":63,"column":25}},"31":{"start":{"line":66,"column":26},"end":{"line":68,"column":3}},"32":{"start":{"line":67,"column":4},"end":{"line":67,"column":25}},"33":{"start":{"line":70,"column":2},"end":{"line":138,"column":4}},"34":{"start":{"line":99,"column":16},"end":{"line":99,"column":64}},"35":{"start":{"line":102,"column":16},"end":{"line":102,"column":64}},"36":{"start":{"line":141,"column":18},"end":{"line":146,"column":1}},"37":{"start":{"line":148,"column":18},"end":{"line":150,"column":1}},"38":{"start":{"line":152,"column":19},"end":{"line":155,"column":1}},"39":{"start":{"line":157,"column":21},"end":{"line":169,"column":1}}},"fnMap":{"0":{"name":"ReviewList","decl":{"start":{"line":19,"column":9},"end":{"line":19,"column":19}},"loc":{"start":{"line":19,"column":64},"end":{"line":139,"column":1}},"line":19},"1":{"name":"(anonymous_1)","decl":{"start":{"line":30,"column":12},"end":{"line":30,"column":13}},"loc":{"start":{"line":30,"column":18},"end":{"line":36,"column":3}},"line":30},"2":{"name":"(anonymous_2)","decl":{"start":{"line":38,"column":12},"end":{"line":38,"column":13}},"loc":{"start":{"line":38,"column":18},"end":{"line":52,"column":3}},"line":38},"3":{"name":"(anonymous_3)","decl":{"start":{"line":42,"column":14},"end":{"line":42,"column":15}},"loc":{"start":{"line":42,"column":28},"end":{"line":47,"column":9}},"line":42},"4":{"name":"(anonymous_4)","decl":{"start":{"line":45,"column":21},"end":{"line":45,"column":22}},"loc":{"start":{"line":45,"column":36},"end":{"line":45,"column":50}},"line":45},"5":{"name":"(anonymous_5)","decl":{"start":{"line":48,"column":15},"end":{"line":48,"column":16}},"loc":{"start":{"line":48,"column":24},"end":{"line":50,"column":9}},"line":48},"6":{"name":"(anonymous_6)","decl":{"start":{"line":58,"column":22},"end":{"line":58,"column":23}},"loc":{"start":{"line":58,"column":28},"end":{"line":60,"column":3}},"line":58},"7":{"name":"(anonymous_7)","decl":{"start":{"line":62,"column":26},"end":{"line":62,"column":27}},"loc":{"start":{"line":62,"column":32},"end":{"line":64,"column":3}},"line":62},"8":{"name":"(anonymous_8)","decl":{"start":{"line":66,"column":26},"end":{"line":66,"column":27}},"loc":{"start":{"line":66,"column":32},"end":{"line":68,"column":3}},"line":66},"9":{"name":"(anonymous_9)","decl":{"start":{"line":98,"column":62},"end":{"line":98,"column":63}},"loc":{"start":{"line":99,"column":16},"end":{"line":99,"column":64}},"line":99},"10":{"name":"(anonymous_10)","decl":{"start":{"line":101,"column":54},"end":{"line":101,"column":55}},"loc":{"start":{"line":102,"column":16},"end":{"line":102,"column":64}},"line":102}},"branchMap":{"0":{"loc":{"start":{"line":39,"column":4},"end":{"line":51,"column":5}},"type":"if","locations":[{"start":{"line":39,"column":4},"end":{"line":51,"column":5}},{"start":{},"end":{}}],"line":39},"1":{"loc":{"start":{"line":39,"column":8},"end":{"line":39,"column":43}},"type":"binary-expr","locations":[{"start":{"line":39,"column":8},"end":{"line":39,"column":22}},{"start":{"line":39,"column":26},"end":{"line":39,"column":43}}],"line":39},"2":{"loc":{"start":{"line":43,"column":10},"end":{"line":46,"column":11}},"type":"if","locations":[{"start":{"line":43,"column":10},"end":{"line":46,"column":11}},{"start":{},"end":{}}],"line":43},"3":{"loc":{"start":{"line":54,"column":2},"end":{"line":56,"column":3}},"type":"if","locations":[{"start":{"line":54,"column":2},"end":{"line":56,"column":3}},{"start":{},"end":{}}],"line":54},"4":{"loc":{"start":{"line":97,"column":13},"end":{"line":103,"column":16}},"type":"cond-expr","locations":[{"start":{"line":98,"column":16},"end":{"line":100,"column":16}},{"start":{"line":101,"column":16},"end":{"line":103,"column":16}}],"line":97},"5":{"loc":{"start":{"line":105,"column":11},"end":{"line":119,"column":12}},"type":"cond-expr","locations":[{"start":{"line":105,"column":41},"end":{"line":112,"column":11}},{"start":{"line":112,"column":16},"end":{"line":119,"column":11}}],"line":105},"6":{"loc":{"start":{"line":105,"column":41},"end":{"line":112,"column":11}},"type":"binary-expr","locations":[{"start":{"line":105,"column":41},"end":{"line":105,"column":81}},{"start":{"line":106,"column":10},"end":{"line":111,"column":25}}],"line":105},"7":{"loc":{"start":{"line":112,"column":16},"end":{"line":119,"column":11}},"type":"binary-expr","locations":[{"start":{"line":112,"column":16},"end":{"line":112,"column":48}},{"start":{"line":113,"column":10},"end":{"line":118,"column":25}}],"line":112},"8":{"loc":{"start":{"line":126,"column":11},"end":{"line":134,"column":11}},"type":"binary-expr","locations":[{"start":{"line":126,"column":11},"end":{"line":126,"column":22}},{"start":{"line":127,"column":10},"end":{"line":133,"column":12}}],"line":126}},"s":{"0":1,"1":0,"2":0,"3":0,"4":0,"5":0,"6":0,"7":0,"8":0,"9":0,"10":0,"11":0,"12":0,"13":0,"14":0,"15":0,"16":0,"17":0,"18":0,"19":0,"20":0,"21":0,"22":0,"23":0,"24":0,"25":0,"26":0,"27":0,"28":0,"29":0,"30":0,"31":0,"32":0,"33":0,"34":0,"35":0,"36":1,"37":1,"38":1,"39":1},"f":{"0":0,"1":0,"2":0,"3":0,"4":0,"5":0,"6":0,"7":0,"8":0,"9":0,"10":0},"b":{"0":[0,0],"1":[0,0],"2":[0,0],"3":[0,0],"4":[0,0],"5":[0,0],"6":[0,0],"7":[0,0],"8":[0,0]},"_coverageSchema":"1a1c01bbd47fc00a2c39e90264f33305004495a9","hash":"eb08dea316a7087eb0dd26598fc1f13f997a59b9"}
,"/Users/malcolmkam/Hack Reactor/FEC_D-ARRAY_QUEENS/src/components/review/Sort.jsx": {"path":"/Users/malcolmkam/Hack Reactor/FEC_D-ARRAY_QUEENS/src/components/review/Sort.jsx","statementMap":{"0":{"start":{"line":8,"column":28},"end":{"line":10,"column":3}},"1":{"start":{"line":9,"column":4},"end":{"line":9,"column":23}},"2":{"start":{"line":12,"column":23},"end":{"line":14,"column":3}},"3":{"start":{"line":13,"column":4},"end":{"line":13,"column":22}},"4":{"start":{"line":16,"column":26},"end":{"line":18,"column":3}},"5":{"start":{"line":17,"column":4},"end":{"line":17,"column":24}},"6":{"start":{"line":20,"column":27},"end":{"line":29,"column":3}},"7":{"start":{"line":21,"column":25},"end":{"line":21,"column":43}},"8":{"start":{"line":22,"column":4},"end":{"line":28,"column":5}},"9":{"start":{"line":23,"column":6},"end":{"line":23,"column":26}},"10":{"start":{"line":24,"column":11},"end":{"line":28,"column":5}},"11":{"start":{"line":25,"column":6},"end":{"line":25,"column":21}},"12":{"start":{"line":26,"column":11},"end":{"line":28,"column":5}},"13":{"start":{"line":27,"column":6},"end":{"line":27,"column":24}},"14":{"start":{"line":31,"column":2},"end":{"line":47,"column":4}},"15":{"start":{"line":50,"column":18},"end":{"line":52,"column":1}},"16":{"start":{"line":54,"column":21},"end":{"line":63,"column":1}}},"fnMap":{"0":{"name":"Sort","decl":{"start":{"line":5,"column":9},"end":{"line":5,"column":13}},"loc":{"start":{"line":7,"column":3},"end":{"line":48,"column":1}},"line":7},"1":{"name":"(anonymous_1)","decl":{"start":{"line":8,"column":28},"end":{"line":8,"column":29}},"loc":{"start":{"line":8,"column":34},"end":{"line":10,"column":3}},"line":8},"2":{"name":"(anonymous_2)","decl":{"start":{"line":12,"column":23},"end":{"line":12,"column":24}},"loc":{"start":{"line":12,"column":29},"end":{"line":14,"column":3}},"line":12},"3":{"name":"(anonymous_3)","decl":{"start":{"line":16,"column":26},"end":{"line":16,"column":27}},"loc":{"start":{"line":16,"column":32},"end":{"line":18,"column":3}},"line":16},"4":{"name":"(anonymous_4)","decl":{"start":{"line":20,"column":27},"end":{"line":20,"column":28}},"loc":{"start":{"line":20,"column":38},"end":{"line":29,"column":3}},"line":20}},"branchMap":{"0":{"loc":{"start":{"line":22,"column":4},"end":{"line":28,"column":5}},"type":"if","locations":[{"start":{"line":22,"column":4},"end":{"line":28,"column":5}},{"start":{"line":24,"column":11},"end":{"line":28,"column":5}}],"line":22},"1":{"loc":{"start":{"line":24,"column":11},"end":{"line":28,"column":5}},"type":"if","locations":[{"start":{"line":24,"column":11},"end":{"line":28,"column":5}},{"start":{"line":26,"column":11},"end":{"line":28,"column":5}}],"line":24},"2":{"loc":{"start":{"line":26,"column":11},"end":{"line":28,"column":5}},"type":"if","locations":[{"start":{"line":26,"column":11},"end":{"line":28,"column":5}},{"start":{},"end":{}}],"line":26}},"s":{"0":0,"1":0,"2":0,"3":0,"4":0,"5":0,"6":0,"7":0,"8":0,"9":0,"10":0,"11":0,"12":0,"13":0,"14":0,"15":1,"16":1},"f":{"0":0,"1":0,"2":0,"3":0,"4":0},"b":{"0":[0,0],"1":[0,0],"2":[0,0]},"_coverageSchema":"1a1c01bbd47fc00a2c39e90264f33305004495a9","hash":"5c4970d49625ee5ef33d19000e3b6464e7230cc6"}
,"/Users/malcolmkam/Hack Reactor/FEC_D-ARRAY_QUEENS/src/components/review/Star.jsx": {"path":"/Users/malcolmkam/Hack Reactor/FEC_D-ARRAY_QUEENS/src/components/review/Star.jsx","statementMap":{"0":{"start":{"line":5,"column":20},"end":{"line":10,"column":1}},"1":{"start":{"line":12,"column":17},"end":{"line":20,"column":1}},"2":{"start":{"line":17,"column":22},"end":{"line":17,"column":53}},"3":{"start":{"line":23,"column":2},"end":{"line":28,"column":4}}},"fnMap":{"0":{"name":"(anonymous_0)","decl":{"start":{"line":17,"column":10},"end":{"line":17,"column":11}},"loc":{"start":{"line":17,"column":22},"end":{"line":17,"column":53}},"line":17},"1":{"name":"Star","decl":{"start":{"line":22,"column":9},"end":{"line":22,"column":13}},"loc":{"start":{"line":22,"column":26},"end":{"line":29,"column":1}},"line":22}},"branchMap":{},"s":{"0":1,"1":1,"2":65,"3":65},"f":{"0":65,"1":65},"b":{},"_coverageSchema":"1a1c01bbd47fc00a2c39e90264f33305004495a9","hash":"3882a1d32b09c2ece10232e6660fca672ca4141f"}
,"/Users/malcolmkam/Hack Reactor/FEC_D-ARRAY_QUEENS/src/components/review/StarRating.jsx": {"path":"/Users/malcolmkam/Hack Reactor/FEC_D-ARRAY_QUEENS/src/components/review/StarRating.jsx","statementMap":{"0":{"start":{"line":7,"column":20},"end":{"line":7,"column":38}},"1":{"start":{"line":8,"column":22},"end":{"line":8,"column":32}},"2":{"start":{"line":9,"column":19},"end":{"line":9,"column":21}},"3":{"start":{"line":10,"column":2},"end":{"line":16,"column":3}},"4":{"start":{"line":10,"column":15},"end":{"line":10,"column":16}},"5":{"start":{"line":11,"column":4},"end":{"line":15,"column":6}},"6":{"start":{"line":17,"column":2},"end":{"line":23,"column":3}},"7":{"start":{"line":18,"column":4},"end":{"line":22,"column":6}},"8":{"start":{"line":24,"column":2},"end":{"line":32,"column":3}},"9":{"start":{"line":25,"column":4},"end":{"line":31,"column":5}},"10":{"start":{"line":26,"column":6},"end":{"line":30,"column":8}},"11":{"start":{"line":33,"column":2},"end":{"line":33,"column":18}},"12":{"start":{"line":36,"column":18},"end":{"line":38,"column":1}}},"fnMap":{"0":{"name":"StarRating","decl":{"start":{"line":6,"column":9},"end":{"line":6,"column":19}},"loc":{"start":{"line":6,"column":32},"end":{"line":34,"column":1}},"line":6}},"branchMap":{"0":{"loc":{"start":{"line":17,"column":2},"end":{"line":23,"column":3}},"type":"if","locations":[{"start":{"line":17,"column":2},"end":{"line":23,"column":3}},{"start":{},"end":{}}],"line":17},"1":{"loc":{"start":{"line":24,"column":2},"end":{"line":32,"column":3}},"type":"if","locations":[{"start":{"line":24,"column":2},"end":{"line":32,"column":3}},{"start":{},"end":{}}],"line":24}},"s":{"0":13,"1":13,"2":13,"3":13,"4":13,"5":52,"6":13,"7":0,"8":13,"9":13,"10":13,"11":13,"12":1},"f":{"0":13},"b":{"0":[0,13],"1":[13,0]},"_coverageSchema":"1a1c01bbd47fc00a2c39e90264f33305004495a9","hash":"21f6089f439a8c2fbcce16ecd215a9d5872e96d3"}
,"/Users/malcolmkam/Hack Reactor/FEC_D-ARRAY_QUEENS/src/components/shared/AverageStars.jsx": {"path":"/Users/malcolmkam/Hack Reactor/FEC_D-ARRAY_QUEENS/src/components/shared/AverageStars.jsx","statementMap":{"0":{"start":{"line":6,"column":32},"end":{"line":6,"column":43}},"1":{"start":{"line":8,"column":2},"end":{"line":33,"column":23}},"2":{"start":{"line":9,"column":16},"end":{"line":9,"column":17}},"3":{"start":{"line":10,"column":16},"end":{"line":10,"column":17}},"4":{"start":{"line":12,"column":4},"end":{"line":32,"column":5}},"5":{"start":{"line":13,"column":24},"end":{"line":13,"column":41}},"6":{"start":{"line":14,"column":6},"end":{"line":31,"column":11}},"7":{"start":{"line":16,"column":10},"end":{"line":27,"column":11}},"8":{"start":{"line":17,"column":12},"end":{"line":22,"column":13}},"9":{"start":{"line":18,"column":14},"end":{"line":21,"column":17}},"10":{"start":{"line":19,"column":16},"end":{"line":19,"column":79}},"11":{"start":{"line":20,"column":16},"end":{"line":20,"column":73}},"12":{"start":{"line":24,"column":12},"end":{"line":26,"column":13}},"13":{"start":{"line":25,"column":14},"end":{"line":25,"column":40}},"14":{"start":{"line":30,"column":10},"end":{"line":30,"column":56}},"15":{"start":{"line":35,"column":2},"end":{"line":37,"column":4}}},"fnMap":{"0":{"name":"AverageStars","decl":{"start":{"line":5,"column":9},"end":{"line":5,"column":21}},"loc":{"start":{"line":5,"column":42},"end":{"line":38,"column":1}},"line":5},"1":{"name":"(anonymous_1)","decl":{"start":{"line":8,"column":12},"end":{"line":8,"column":13}},"loc":{"start":{"line":8,"column":18},"end":{"line":33,"column":3}},"line":8},"2":{"name":"(anonymous_2)","decl":{"start":{"line":15,"column":14},"end":{"line":15,"column":15}},"loc":{"start":{"line":15,"column":28},"end":{"line":28,"column":9}},"line":15},"3":{"name":"(anonymous_3)","decl":{"start":{"line":18,"column":57},"end":{"line":18,"column":58}},"loc":{"start":{"line":18,"column":66},"end":{"line":21,"column":15}},"line":18},"4":{"name":"(anonymous_4)","decl":{"start":{"line":29,"column":15},"end":{"line":29,"column":16}},"loc":{"start":{"line":29,"column":24},"end":{"line":31,"column":9}},"line":29}},"branchMap":{"0":{"loc":{"start":{"line":12,"column":4},"end":{"line":32,"column":5}},"type":"if","locations":[{"start":{"line":12,"column":4},"end":{"line":32,"column":5}},{"start":{},"end":{}}],"line":12},"1":{"loc":{"start":{"line":12,"column":8},"end":{"line":12,"column":43}},"type":"binary-expr","locations":[{"start":{"line":12,"column":8},"end":{"line":12,"column":22}},{"start":{"line":12,"column":26},"end":{"line":12,"column":43}}],"line":12},"2":{"loc":{"start":{"line":16,"column":10},"end":{"line":27,"column":11}},"type":"if","locations":[{"start":{"line":16,"column":10},"end":{"line":27,"column":11}},{"start":{},"end":{}}],"line":16},"3":{"loc":{"start":{"line":17,"column":12},"end":{"line":22,"column":13}},"type":"if","locations":[{"start":{"line":17,"column":12},"end":{"line":22,"column":13}},{"start":{},"end":{}}],"line":17},"4":{"loc":{"start":{"line":24,"column":12},"end":{"line":26,"column":13}},"type":"if","locations":[{"start":{"line":24,"column":12},"end":{"line":26,"column":13}},{"start":{},"end":{}}],"line":24}},"s":{"0":0,"1":0,"2":0,"3":0,"4":0,"5":0,"6":0,"7":0,"8":0,"9":0,"10":0,"11":0,"12":0,"13":0,"14":0,"15":0},"f":{"0":0,"1":0,"2":0,"3":0,"4":0},"b":{"0":[0,0],"1":[0,0],"2":[0,0],"3":[0,0],"4":[0,0]},"_coverageSchema":"1a1c01bbd47fc00a2c39e90264f33305004495a9","hash":"8f6f19edd8a78faca75d027ca9d19296ba06d630"}
,"/Users/malcolmkam/Hack Reactor/FEC_D-ARRAY_QUEENS/src/components/shared/containers.jsx": {"path":"/Users/malcolmkam/Hack Reactor/FEC_D-ARRAY_QUEENS/src/components/shared/containers.jsx","statementMap":{"0":{"start":{"line":4,"column":21},"end":{"line":11,"column":1}},"1":{"start":{"line":6,"column":18},"end":{"line":10,"column":3}},"2":{"start":{"line":13,"column":20},"end":{"line":13,"column":32}},"3":{"start":{"line":17,"column":19},"end":{"line":20,"column":1}},"4":{"start":{"line":22,"column":32},"end":{"line":32,"column":1}},"5":{"start":{"line":26,"column":4},"end":{"line":28,"column":5}},"6":{"start":{"line":27,"column":6},"end":{"line":27,"column":32}},"7":{"start":{"line":29,"column":4},"end":{"line":29,"column":18}},"8":{"start":{"line":36,"column":19},"end":{"line":41,"column":1}},"9":{"start":{"line":37,"column":21},"end":{"line":37,"column":31}},"10":{"start":{"line":38,"column":15},"end":{"line":40,"column":4}},"11":{"start":{"line":46,"column":20},"end":{"line":53,"column":1}},"12":{"start":{"line":47,"column":21},"end":{"line":47,"column":31}},"13":{"start":{"line":50,"column":15},"end":{"line":52,"column":4}},"14":{"start":{"line":55,"column":25},"end":{"line":58,"column":1}},"15":{"start":{"line":60,"column":28},"end":{"line":75,"column":1}},"16":{"start":{"line":77,"column":27},"end":{"line":80,"column":1}},"17":{"start":{"line":82,"column":30},"end":{"line":92,"column":1}},"18":{"start":{"line":94,"column":22},"end":{"line":95,"column":1}},"19":{"start":{"line":97,"column":28},"end":{"line":105,"column":1}}},"fnMap":{"0":{"name":"(anonymous_0)","decl":{"start":{"line":6,"column":6},"end":{"line":6,"column":7}},"loc":{"start":{"line":6,"column":18},"end":{"line":10,"column":3}},"line":6},"1":{"name":"(anonymous_1)","decl":{"start":{"line":25,"column":11},"end":{"line":25,"column":12}},"loc":{"start":{"line":25,"column":22},"end":{"line":30,"column":3}},"line":25},"2":{"name":"(anonymous_2)","decl":{"start":{"line":37,"column":10},"end":{"line":37,"column":11}},"loc":{"start":{"line":37,"column":21},"end":{"line":37,"column":31}},"line":37},"3":{"name":"(anonymous_3)","decl":{"start":{"line":38,"column":4},"end":{"line":38,"column":5}},"loc":{"start":{"line":38,"column":15},"end":{"line":40,"column":4}},"line":38},"4":{"name":"(anonymous_4)","decl":{"start":{"line":47,"column":10},"end":{"line":47,"column":11}},"loc":{"start":{"line":47,"column":21},"end":{"line":47,"column":31}},"line":47},"5":{"name":"(anonymous_5)","decl":{"start":{"line":50,"column":4},"end":{"line":50,"column":5}},"loc":{"start":{"line":50,"column":15},"end":{"line":52,"column":4}},"line":50}},"branchMap":{"0":{"loc":{"start":{"line":26,"column":4},"end":{"line":28,"column":5}},"type":"if","locations":[{"start":{"line":26,"column":4},"end":{"line":28,"column":5}},{"start":{},"end":{}}],"line":26},"1":{"loc":{"start":{"line":38,"column":15},"end":{"line":40,"column":4}},"type":"binary-expr","locations":[{"start":{"line":38,"column":15},"end":{"line":38,"column":29}},{"start":{"line":38,"column":33},"end":{"line":40,"column":4}}],"line":38},"2":{"loc":{"start":{"line":50,"column":15},"end":{"line":52,"column":4}},"type":"binary-expr","locations":[{"start":{"line":50,"column":15},"end":{"line":50,"column":29}},{"start":{"line":50,"column":33},"end":{"line":52,"column":4}}],"line":50}},"s":{"0":1,"1":0,"2":1,"3":1,"4":1,"5":0,"6":0,"7":0,"8":1,"9":103,"10":103,"11":1,"12":0,"13":0,"14":1,"15":1,"16":1,"17":1,"18":1,"19":1},"f":{"0":0,"1":0,"2":103,"3":103,"4":0,"5":0},"b":{"0":[0,0],"1":[103,0],"2":[0,0]},"_coverageSchema":"1a1c01bbd47fc00a2c39e90264f33305004495a9","hash":"bd485abf35f5f367c278bec9ffc19a9279d49dec"}
}
