TN:
SF:src/components/review/HelpfulButton.jsx
FN:8,(anonymous_0)
FN:24,HelpfulButton
FN:29,(anonymous_2)
FN:35,(anonymous_3)
FN:38,(anonymous_4)
FN:42,(anonymous_5)
FNF:6
FNH:3
FNDA:9,(anonymous_0)
FNDA:18,HelpfulButton
FNDA:9,(anonymous_2)
FNDA:0,(anonymous_3)
FNDA:0,(anonymous_4)
FNDA:0,(anonymous_5)
DA:6,1
DA:9,9
DA:10,0
DA:12,9
DA:25,18
DA:26,18
DA:27,18
DA:29,18
DA:30,9
DA:31,9
DA:35,18
DA:36,0
DA:37,0
DA:39,0
DA:40,0
DA:43,0
DA:48,18
LF:17
LH:11
BRDA:9,0,0,0
BRDA:9,0,1,9
BRDA:26,1,0,18
BRDA:26,1,1,0
BRDA:30,2,0,9
BRDA:30,2,1,0
BRDA:36,3,0,0
BRDA:36,3,1,0
BRDA:49,4,0,9
BRDA:49,4,1,9
BRF:10
BRH:5
end_of_record
TN:
SF:src/components/review/Modal.jsx
FN:38,Modal
FNF:1
FNH:0
FNDA:0,Modal
DA:4,1
DA:17,1
DA:27,1
DA:39,0
LF:4
LH:3
BRF:0
BRH:0
end_of_record
TN:
SF:src/components/review/Review.jsx
FN:15,Review
FN:19,(anonymous_1)
FN:23,(anonymous_2)
FN:27,(anonymous_3)
FN:56,(anonymous_4)
FN:57,(anonymous_5)
FNF:6
FNH:1
FNDA:9,Review
FNDA:0,(anonymous_1)
FNDA:0,(anonymous_2)
FNDA:0,(anonymous_3)
FNDA:0,(anonymous_4)
FNDA:0,(anonymous_5)
DA:13,1
DA:16,9
DA:17,9
DA:19,9
DA:20,0
DA:23,9
DA:24,0
DA:27,9
DA:28,0
DA:31,9
DA:57,0
DA:76,1
DA:88,1
DA:93,1
DA:97,1
DA:101,1
DA:105,1
DA:110,1
LF:18
LH:14
BRDA:50,0,0,0
BRDA:50,0,1,9
BRDA:51,1,0,9
BRDA:51,1,1,9
BRDA:51,1,2,9
BRDA:62,2,0,9
BRDA:62,2,1,0
BRDA:63,3,0,8
BRDA:63,3,1,1
BRF:9
BRH:7
end_of_record
TN:
SF:src/components/review/Star.jsx
FN:17,(anonymous_0)
FN:22,Star
FNF:2
FNH:2
FNDA:45,(anonymous_0)
FNDA:45,Star
DA:5,1
DA:12,1
DA:17,45
DA:23,45
LF:4
LH:4
BRF:0
BRH:0
end_of_record
TN:
SF:src/components/review/StarRating.jsx
FN:6,StarRating
FNF:1
FNH:1
FNDA:9,StarRating
DA:7,9
DA:8,9
DA:9,9
DA:10,9
DA:11,36
DA:17,9
DA:18,0
DA:24,9
DA:25,9
DA:26,9
DA:33,9
DA:36,1
LF:12
LH:11
BRDA:17,0,0,0
BRDA:17,0,1,9
BRDA:24,1,0,9
BRDA:24,1,1,0
BRF:4
BRH:2
end_of_record
TN:
SF:src/components/shared/containers.jsx
FN:6,(anonymous_0)
FN:25,(anonymous_1)
FN:37,(anonymous_2)
FN:38,(anonymous_3)
FN:47,(anonymous_4)
FN:50,(anonymous_5)
FNF:6
FNH:2
FNDA:0,(anonymous_0)
FNDA:0,(anonymous_1)
FNDA:63,(anonymous_2)
FNDA:63,(anonymous_3)
FNDA:0,(anonymous_4)
FNDA:0,(anonymous_5)
DA:4,1
DA:6,0
DA:13,1
DA:17,1
DA:22,1
DA:26,0
DA:27,0
DA:29,0
DA:36,1
DA:37,63
DA:38,63
DA:46,1
DA:47,0
DA:50,0
DA:55,1
DA:60,1
DA:77,1
DA:82,1
DA:94,1
DA:97,1
LF:20
LH:14
BRDA:26,0,0,0
BRDA:26,0,1,0
BRDA:38,1,0,63
BRDA:38,1,1,0
BRDA:50,2,0,0
BRDA:50,2,1,0
BRF:6
BRH:1
end_of_record
