TN:
SF:src/components/questionsAndAnswers/AnswerItem.jsx
FN:5,AnswerItem
FN:11,(anonymous_1)
FN:16,(anonymous_2)
FN:31,(anonymous_3)
FN:35,(anonymous_4)
FN:36,(anonymous_5)
FN:47,(anonymous_6)
FN:56,(anonymous_7)
FN:60,(anonymous_8)
FNF:9
FNH:3
FNDA:5,AnswerItem
FNDA:0,(anonymous_1)
FNDA:5,(anonymous_2)
FNDA:0,(anonymous_3)
FNDA:2,(anonymous_4)
FNDA:0,(anonymous_5)
FNDA:0,(anonymous_6)
FNDA:0,(anonymous_7)
FNDA:0,(anonymous_8)
DA:8,5
DA:9,5
DA:11,5
DA:12,0
DA:13,0
DA:16,5
DA:17,5
DA:18,5
DA:20,5
DA:31,0
DA:36,2
DA:47,0
DA:56,0
DA:60,0
LF:14
LH:8
BRDA:30,0,0,5
BRDA:30,0,1,0
BRDA:35,1,0,5
BRDA:35,1,1,5
BRDA:42,2,0,0
BRDA:42,2,1,5
BRDA:53,3,0,0
BRDA:53,3,1,5
BRDA:59,4,0,5
BRDA:59,4,1,0
BRF:10
BRH:6
end_of_record
TN:
SF:src/components/questionsAndAnswers/AnswerModal.jsx
FN:5,AnswerModal
FN:14,(anonymous_1)
FN:16,(anonymous_2)
FN:21,(anonymous_3)
FN:25,(anonymous_4)
FN:40,(anonymous_5)
FN:56,(anonymous_6)
FN:69,(anonymous_7)
FN:79,(anonymous_8)
FN:89,(anonymous_9)
FN:102,(anonymous_10)
FNF:11
FNH:3
FNDA:1,AnswerModal
FNDA:1,(anonymous_1)
FNDA:1,(anonymous_2)
FNDA:0,(anonymous_3)
FNDA:0,(anonymous_4)
FNDA:0,(anonymous_5)
FNDA:0,(anonymous_6)
FNDA:0,(anonymous_7)
FNDA:0,(anonymous_8)
FNDA:0,(anonymous_9)
FNDA:0,(anonymous_10)
DA:9,1
DA:10,1
DA:11,1
DA:12,1
DA:14,1
DA:15,1
DA:16,1
DA:17,1
DA:21,1
DA:23,0
DA:24,0
DA:25,0
DA:26,0
DA:29,0
DA:30,0
DA:33,0
DA:34,0
DA:36,0
DA:40,1
DA:41,0
DA:42,0
DA:49,0
DA:50,0
DA:51,0
DA:54,1
DA:56,0
DA:69,0
DA:79,0
DA:89,0
DA:103,0
LF:30
LH:11
BRDA:15,0,0,1
BRDA:15,0,1,0
BRDA:54,1,0,1
BRDA:54,1,1,0
BRF:4
BRH:2
end_of_record
TN:
SF:src/components/questionsAndAnswers/AnswersList.jsx
FN:4,AnswersList
FN:8,(anonymous_1)
FN:18,(anonymous_2)
FNF:3
FNH:3
FNDA:2,AnswersList
FNDA:28,(anonymous_1)
FNDA:4,(anonymous_2)
DA:7,2
DA:9,28
DA:10,28
DA:11,28
DA:15,2
DA:16,2
DA:19,4
LF:7
LH:7
BRDA:9,0,0,0
BRDA:9,0,1,28
BRDA:10,1,0,0
BRDA:10,1,1,28
BRDA:15,2,0,0
BRDA:15,2,1,2
BRF:6
BRH:3
end_of_record
TN:
SF:src/components/questionsAndAnswers/GetAllQuestionsAndAnswers.jsx
FN:10,GetAllQuestionsAndAnswers
FN:26,(anonymous_1)
FN:31,(anonymous_2)
FN:44,(anonymous_3)
FN:47,(anonymous_4)
FN:64,(anonymous_5)
FN:67,(anonymous_6)
FN:80,(anonymous_7)
FN:83,(anonymous_8)
FN:86,(anonymous_9)
FN:90,(anonymous_10)
FN:94,(anonymous_11)
FN:101,(anonymous_12)
FN:109,(anonymous_13)
FN:115,(anonymous_14)
FN:115,(anonymous_15)
FN:129,(anonymous_16)
FN:138,(anonymous_17)
FN:138,(anonymous_18)
FN:151,(anonymous_19)
FN:163,(anonymous_20)
FN:164,(anonymous_21)
FN:191,(anonymous_22)
FN:201,(anonymous_23)
FN:206,(anonymous_24)
FNF:25
FNH:5
FNDA:13,GetAllQuestionsAndAnswers
FNDA:3,(anonymous_1)
FNDA:3,(anonymous_2)
FNDA:0,(anonymous_3)
FNDA:2,(anonymous_4)
FNDA:8,(anonymous_5)
FNDA:0,(anonymous_6)
FNDA:0,(anonymous_7)
FNDA:0,(anonymous_8)
FNDA:0,(anonymous_9)
FNDA:0,(anonymous_10)
FNDA:0,(anonymous_11)
FNDA:0,(anonymous_12)
FNDA:0,(anonymous_13)
FNDA:0,(anonymous_14)
FNDA:0,(anonymous_15)
FNDA:0,(anonymous_16)
FNDA:0,(anonymous_17)
FNDA:0,(anonymous_18)
FNDA:0,(anonymous_19)
FNDA:0,(anonymous_20)
FNDA:0,(anonymous_21)
FNDA:0,(anonymous_22)
FNDA:0,(anonymous_23)
FNDA:0,(anonymous_24)
DA:11,13
DA:12,13
DA:13,13
DA:14,13
DA:15,13
DA:16,13
DA:17,13
DA:18,13
DA:19,13
DA:20,13
DA:21,13
DA:22,13
DA:24,13
DA:26,13
DA:27,3
DA:28,3
DA:29,3
DA:31,3
DA:32,3
DA:33,0
DA:34,0
DA:37,3
DA:38,3
DA:39,3
DA:40,3
DA:43,3
DA:44,0
DA:46,2
DA:47,2
DA:48,2
DA:51,2
DA:52,2
DA:56,3
DA:61,3
DA:64,13
DA:65,8
DA:66,0
DA:67,0
DA:70,0
DA:72,8
DA:76,13
DA:77,9
DA:80,4
DA:82,0
DA:83,0
DA:86,4
DA:87,0
DA:88,0
DA:90,4
DA:91,0
DA:94,4
DA:95,0
DA:96,0
DA:97,0
DA:100,0
DA:101,0
DA:102,0
DA:109,4
DA:110,0
DA:111,0
DA:112,0
DA:113,0
DA:115,0
DA:116,0
DA:117,0
DA:118,0
DA:119,0
DA:121,0
DA:129,4
DA:130,0
DA:131,0
DA:132,0
DA:135,0
DA:138,0
DA:139,0
DA:141,0
DA:143,0
DA:151,4
DA:152,0
DA:153,0
DA:154,0
DA:155,0
DA:163,4
DA:164,0
DA:165,0
DA:166,0
DA:168,0
DA:170,0
DA:173,4
DA:191,0
DA:201,0
DA:206,0
LF:92
LH:45
BRDA:32,0,0,0
BRDA:32,0,1,3
BRDA:37,1,0,3
BRDA:37,1,1,0
BRDA:65,2,0,0
BRDA:65,2,1,8
BRDA:76,3,0,9
BRDA:76,3,1,4
BRDA:96,4,0,0
BRDA:96,4,1,0
BRDA:96,5,0,0
BRDA:96,5,1,0
BRDA:110,6,0,0
BRDA:110,6,1,0
BRDA:116,7,0,0
BRDA:116,7,1,0
BRDA:130,8,0,0
BRDA:130,8,1,0
BRDA:139,9,0,0
BRDA:139,9,1,0
BRDA:152,10,0,0
BRDA:152,10,1,0
BRDA:165,11,0,0
BRDA:165,11,1,0
BRDA:188,12,0,4
BRDA:188,12,1,0
BRDA:203,13,0,4
BRDA:203,13,1,0
BRF:28
BRH:7
end_of_record
TN:
SF:src/components/questionsAndAnswers/ImageModal.jsx
FN:3,ImageModal
FN:6,(anonymous_1)
FNF:2
FNH:2
FNDA:2,ImageModal
FNDA:1,(anonymous_1)
DA:4,2
DA:6,1
LF:2
LH:2
BRF:0
BRH:0
end_of_record
TN:
SF:src/components/questionsAndAnswers/LoadMoreButton.jsx
FN:3,LoadMoreButton
FNF:1
FNH:1
FNDA:4,LoadMoreButton
DA:4,4
LF:1
LH:1
BRF:0
BRH:0
end_of_record
TN:
SF:src/components/questionsAndAnswers/QuestionItem.jsx
FN:4,QuestionItem
FN:22,(anonymous_1)
FN:36,(anonymous_2)
FN:50,(anonymous_3)
FNF:4
FNH:1
FNDA:2,QuestionItem
FNDA:0,(anonymous_1)
FNDA:0,(anonymous_2)
FNDA:0,(anonymous_3)
DA:8,2
DA:10,2
DA:23,0
DA:24,0
DA:36,0
DA:50,0
LF:6
LH:2
BRDA:49,0,0,2
BRDA:49,0,1,2
BRDA:51,1,0,0
BRDA:51,1,1,2
BRF:4
BRH:3
end_of_record
TN:
SF:src/components/questionsAndAnswers/QuestionModal.jsx
FN:5,QuestionModal
FN:12,(anonymous_1)
FN:18,(anonymous_2)
FN:23,(anonymous_3)
FN:47,(anonymous_4)
FN:59,(anonymous_5)
FN:69,(anonymous_6)
FN:79,(anonymous_7)
FNF:8
FNH:5
FNDA:23,QuestionModal
FNDA:2,(anonymous_1)
FNDA:2,(anonymous_2)
FNDA:0,(anonymous_3)
FNDA:2,(anonymous_4)
FNDA:21,(anonymous_5)
FNDA:0,(anonymous_6)
FNDA:0,(anonymous_7)
DA:8,23
DA:9,23
DA:10,23
DA:12,23
DA:14,2
DA:15,2
DA:18,2
DA:19,2
DA:23,23
DA:24,0
DA:25,0
DA:27,0
DA:34,0
DA:35,0
DA:36,0
DA:38,0
DA:40,0
DA:41,0
DA:45,23
DA:47,2
DA:59,21
DA:69,0
DA:79,0
LF:23
LH:12
BRDA:14,0,0,2
BRDA:14,0,1,0
BRDA:45,1,0,23
BRDA:45,1,1,0
BRF:4
BRH:2
end_of_record
TN:
SF:src/components/questionsAndAnswers/QuestionsList.jsx
FN:4,QuestionsList
FN:11,(anonymous_1)
FN:19,(anonymous_2)
FNF:3
FNH:2
FNDA:4,QuestionsList
FNDA:2,(anonymous_1)
FNDA:0,(anonymous_2)
DA:8,4
DA:12,2
DA:19,0
LF:3
LH:2
BRF:0
BRH:0
end_of_record
TN:
SF:src/components/questionsAndAnswers/SearchInput.jsx
FN:3,SearchTerm
FN:10,(anonymous_1)
FNF:2
FNH:1
FNDA:4,SearchTerm
FNDA:0,(anonymous_1)
DA:4,4
DA:10,0
LF:2
LH:1
BRF:0
BRH:0
end_of_record
TN:
SF:src/spec/sampleData.js
FNF:0
FNH:0
DA:1,1
LF:1
LH:1
BRF:0
BRH:0
end_of_record
TN:
SF:src/spec/sampleQuestionData.js
FNF:0
FNH:0
DA:1,1
LF:1
LH:1
BRF:0
BRH:0
end_of_record
